node   1  (   0,    0) (   0,    0) (   0,    0) (   0,    0) (   0,    0) (   0,    0) (   0,    0) (   0,    0) (   0,    0) (   0,    0)
          (   0,    0) (   0,    0) (   0,    0) (   0,    0) (   0,    0) (   0,    0) (   0,    0) (   0,    0) (   0,    0) (   0,    0)
          (   0,    0) (   0,    0) (   0,    0) (   0,    0) (   0,    0) (   0,    0) (   0,    0) (   0,    0) (   0,    0) (   0,    0)
          (   0,    0) (   0,    0) (   0,    0) (   0,    0) (   0,    0) (   0,    0) (   0,    0) (   0,    0) (   0,    0) (   0,    0)
          (   0,    0) (   0,    0) (   0,    0) (   0,    0) (   0,    0) (   0,    0) (   0,    0) (   0,    0) (   0,    0) (   0,    0)
          (   0,    0) (   0,    0) (   0,    0) (   0,    0) (   0,    0) (   0,    0) (   0,    0) (   0,    0) (   0,    0) (   0,    0)
          (   0,    0) (   0,    0) (   0,    0) (   0,    0) (   0,    0) (   0,    0) (   0,    0) (   0,    0) (   0,    0) (   0,    0)
          (   0,    0) (   0,    0) (   0,    0) (   0,    0) (   0,    0) (   0,    0) (   0,    0) (   0,    0) (   0,    0) (   0,    0)
          (   0,    0) (   0,    0) (   0,    0) (   0,    0) (   0,    0) (   0,    0) (   0,    0) (   0,    0) (   0,    0) (   0,    0)
          (   0,    0) (   0,    0) (   0,    0) (   0,    0) (   0,    0) (   0,    0) (   0,    0) (   0,    0) (   0,    0) (   0,    0)
          (  33,    0) (  21,   21) (   0,   33) (   0,    0) (   0,    0) (   0,    0) (   0,    0) (   0,    0) (   0,    0) (   0,    0)
          (   0,    0) (   0,    0) (   0,    0) (   0,    0) (   0,    0) (   0,    0) (   0,    0) (   0,    0) (   0,    0) (   0,    0)
          (   0,    0) (   0,    0) (   0,    0) (   0,    0) (   0,    0) (   0,    0) (   0,    0) (   0,    0) (   0,    0) (   0,    0)
          (   0,    0) (   0,    0) (   0,    0) (   0,    0) (   0,    0) (   0,    0) (   0,    0) (   0,    0) (   0,    0) (   0,    0)
          (   0,    0) (   0,    0) (   0,    0) (   0,    0) (   0,    0) (   0,    0) (   0,    0) (   0,    0) (   0,    0) (   0,    0)
          (  21,    0) (  11,   11) (   0,   21) (   0,    0) (   0,    0) (   0,    0) (   0,    0) (   0,    0) (   0,    0) (   0,    0)
          (   0,    0) (   0,    0) (   0,    0) (   0,    0) (   0,    0) (   0,    0) (   0,    0) (   0,    0) (   0,    0) (   0,    0)
          (   0,    0) (   0,    0) (   0,    0) (   0,    0) (   0,    0) (   0,    0) (   0,    0) (   0,    0) (   0,    0) (   0,    0)
          (   0,    0) (   0,    0) (   0,    0) (   0,    0) (   0,    0) (   0,    0) (   0,    0) (   0,    0) (   0,    0) (   0,    0)
          (   0,    0) (   0,    0) (   0,    0) (   0,    0) (   0,    0) (   0,    0) (   0,    0) (   0,    0) (   0,    0) (   0,    0)
          (   0,    0) (   0,    0) (   0,    0) (   0,    0) (   0,    0) (   0,    0) (   0,    0) (   0,    0) (   0,    0) (   0,    0)
          (   0,    0) (   0,    0) (   0,    0) (   0,    0) (   0,    0) (   0,    0) (   0,    0) (   0,    0) (   0,    0) (   0,    0)
          (   0,    0) (   0,    0) (   0,    0) (   0,    0) (   0,    0) (   0,    0) (   0,    0) (   0,    0) (   0,    0) (   0,    0)
          (   0,    0) (   0,    0) (   0,    0) (   0,    0) (   0,    0) (   0,    0) (   0,    0) (   0,    0) (   0,    0) (   0,    0)
          (   0,    0) (   0,    0) (   0,    0) (   0,    0) (   0,    0) (   0,    0) (   0,    0) (   0,    0) (   0,    0) (   0,    0)
          (   0,    0) (   0,    0) (   0,    0) (   0,    0) (   0,    0) (   0,    0) (   0,    0) (   0,    0) (   0,    0) (   0,    0)
          (   0,    0) (   0,    0) (   0,    0) (   0,    0) (   0,    0) (   0,    0) (   0,    0) (   0,    0) (   0,    0) (   0,    0)
          (   0,    0) (   0,    0) (   0,    0) (   0,    0) (   0,    0) (   0,    0) (   0,    0) (   0,    0) (   0,    0) (   0,    0)
          (   0,    0) (   0,    0) (   0,    0) (   0,    0) (   0,    0) (   0,    0) (   0,    0) (   0,    0) (   0,    0) (   0,    0)
          (   0,    0) (   0,    0) (   0,    0) (   0,    0) (   0,    0) (   0,    0) (   0,    0) (   0,    0) (   0,    0) (   0,    0)
          (   0,    0) (   0,    0) (   0,    0) (   0,    0) (   0,    0) (   0,    0) (   0,    0) (   0,    0) (   0,    0) (   0,    0)
          (   0,    0) (   0,    0) (   0,    0) (   0,    0) (   0,    0) (   0,    0) (   0,    0) (   0,    0) (   0,    0) (   0,    0)
          (   0,    0) (   0,    0) (   0,    0) (   0,    0) (   0,    0) (   0,    0) (   0,    0) (   0,    0) (   0,    0) (   0,    0)
          (   0,    0) (   0,    0) (   0,    0) (   0,    0) (   0,    0) (   0,    0) (   0,    0) (   0,    0) (   0,    0) (   0,    0)
          (   0,    0) (   0,    0) (   0,    0) (   0,    0) (   0,    0) (   0,    0) (   0,    0) (   0,    0) (   0,    0) (   0,    0)
          (   0,    0) (   0,    0) (   0,    0) (   0,    0) (   0,    0) (   0,    0) (   0,    0) (   0,    0) (   0,    0) (   0,    0)
          (   0,    0) (   0,    0) (   0,    0) (   0,    0) (   0,    0) (   0,    0) (   0,    0) (   0,    0) (   0,    0) (   0,    0)
          (   0,    0) (   0,    0) (   0,    0) (   0,    0) (   0,    0) (   0,    0) (   0,    0) (   0,    0) (   0,    0) (   0,    0)
          (   0,    0) (   0,    0) (   0,    0) (   0,    0) (   0,    0) (   0,    0) (   0,    0) (   0,    0) (   0,    0) (   0,    0)
          (   0,    0) (   0,    0) (   0,    0) (   0,    0) (   0,    0) (   0,    0) (   0,    0) (   0,    0) (   0,    0) (   0,    0)
          (   0,    0) (   0,    0) (   0,    0) (   0,    0) (   0,    0) (   0,    0) (   0,    0) (   0,    0) (   0,    0) (   0,    0)
          (   0,    0) (   0,    0) (   0,    0) (   0,    0) (   0,    0) (   0,    0) (   0,    0) (   0,    0) (   0,    0) (   0,    0)
          (   0,    0) (   0,    0) (   0,    0) (   0,    0) (   0,    0) (   0,    0) (   0,    0) (   0,    0) (   0,    0) (   0,    0)
          (   0,    0) (   0,    0) (   0,    0) (   0,    0) (   0,    0) (   0,    0) (   0,    0) (   0,    0) (   0,    0) (   0,    0)
          (   0,    0) (   0,    0) (   0,    0) (   0,    0) (   0,    0) (   0,    0) (   0,    0) (   0,    0) (   0,    0) (   0,    0)
          (   0,    0) (   0,    0) (   0,    0) (   0,    0) (   0,    0) (   0,    0) (   0,    0) (   0,    0) (   0,    0) (   0,    0)
          (   0,    0) (   0,    0) (   0,    0) (   0,    0) (   0,    0) (   0,    0) (   0,    0) (   0,    0) (   0,    0) (   0,    0)
          (   0,    0) (   0,    0) (   0,    0) (   0,    0) (   0,    0) (   0,    0) (   0,    0) (   0,    0) (   0,    0) (   0,    0)
          (   0,    0) (   0,    0) (   0,    0) (   0,    0) (   0,    0) (   0,    0) (   0,    0) (   0,    0) (   0,    0) (   0,    0)
          (   0,    0) (   0,    0) (   0,    0) (   0,    0) (   0,    0) (   0,    0) (   0,    0) (   0,    0) (   0,    0) (   0,    0)
          (   0,    0) (   0,    0) (   0,    0) (   0,    0) (   0,    0) (   0,    0) (   0,    0) (   0,    0) (   0,    0) (   0,    0)
          (   0,    0) (   0,    0) (   0,    0) (   0,    0) (   0,    0) (   0,    0) (   0,    0) (   0,    0) (   0,    0) (   0,    0)
          (   0,    0) (   0,    0) (   0,    0) (   0,    0) (   0,    0) (   0,    0) (   0,    0) (   0,    0) (   0,    0) (   0,    0)
          (   0,    0) (   0,    0) (   0,    0) (   0,    0) (   0,    0) (   0,    0) (   0,    0) (   0,    0) (   0,    0) (   0,    0)
          (   0,    0) (   0,    0) (   0,    0) (   0,    0) (   0,    0) (   0,    0) (   0,    0) (   0,    0) (   0,    0) (   0,    0)
          (   0,    0) (   0,    0) (   0,    0) (   0,    0) (   0,    0) (   0,    0) (   0,    0) (   0,    0) (   0,    0) (   0,    0)
          (   0,    0) (   0,    0) (   0,    0) (   0,    0) (   0,    0) (   0,    0) (   0,    0) (   0,    0) (   0,    0) (   0,    0)
          (   0,    0) (   0,    0) (   0,    0) (   0,    0) (   0,    0) (   0,    0) (   0,    0) (   0,    0) (   0,    0) (   0,    0)
          (   0,    0) (   0,    0) (   0,    0) (   0,    0) (   0,    0) (   0,    0) (   0,    0) (   0,    0) (   0,    0) (   0,    0)
          (   0,    0) (   0,    0) (   0,    0) (   0,    0) (   0,    0) (   0,    0) (   0,    0) (   0,    0) (   0,    0) (   0,    0)
          (   0,    0) (   0,    0) (   0,    0) (   0,    0) (   0,    0) (   0,    0) (   0,    0) (   0,    0) (   0,    0) (   0,    0)
          (   0,    0) (   0,    0) (   0,    0) (   0,    0) (   0,    0) (   0,    0) (   0,    0) (   0,    0) (   0,    0) (   0,    0)
          (   0,    0) (   0,    0) (   0,    0) (   0,    0) (   0,    0) (   0,    0) (   0,    0) (   0,    0) (   0,    0) (   0,    0)
          (   0,    0) (   0,    0) (   0,    0) (   0,    0) (   0,    0) (   0,    0) (   0,    0) (   0,    0) (   0,    0) (   0,    0)
          (   0,    0) (   0,    0) (   0,    0) (   0,    0) (   0,    0) (   0,    0) (   0,    0) (   0,    0) (   0,    0) (   0,    0)
          (   0,    0) (   0,    0) (   0,    0) (   0,    0) (   0,    0) (   0,    0) (   0,    0) (   0,    0) (   0,    0) (   0,    0)
          (   0,    0) (   0,    0) (   0,    0) (   0,    0) (   0,    0) (   0,    0) (   0,    0) (   0,    0) (   0,    0) (   0,    0)
          (   0,    0) (   0,    0) (   0,    0) (   0,    0) (   0,    0) (   0,    0) (   0,    0) (   0,    0) (   0,    0) (   0,    0)
          (   0,    0) (   0,    0) (   0,    0) (   0,    0) (   0,    0) (   0,    0) (   0,    0) (   0,    0) (   0,    0) (   0,    0)
          (   0,    0) (   0,    0) (   0,    0) (   0,    0) (   0,    0) (   0,    0) (   0,    0) (   0,    0) (   0,    0) (   0,    0)
         
node   1 sent_total     86  recv_total     86

node   2  (   0,    0) (   0,    0) (   0,    0) (   0,    0) (   0,    0) (   0,    0) (   0,    0) (   0,    0) (   0,    0) (   0,    0)
          (   0,    0) (   0,    0) (   0,    0) (   0,    0) (   0,    0) (   0,    0) (   0,    0) (   0,    0) (   0,    0) (   0,    0)
          (   0,    0) (   0,    0) (   0,    0) (   0,    0) (   0,    0) (   0,    0) (   0,    0) (   0,    0) (   0,    0) (   0,    0)
          (   0,    0) (   0,    0) (   0,    0) (   0,    0) (   0,    0) (   0,    0) (   0,    0) (   0,    0) (   0,    0) (   0,    0)
          (   0,    0) (   0,    0) (   0,    0) (   0,    0) (   0,    0) (   0,    0) (   0,    0) (   0,    0) (   0,    0) (   0,    0)
          (   0,    0) (   0,    0) (   0,    0) (   0,    0) (   0,    0) (   0,    0) (   0,    0) (   0,    0) (   0,    0) (   0,    0)
          (   0,    0) (   0,    0) (   0,    0) (   0,    0) (   0,    0) (   0,    0) (   0,    0) (   0,    0) (   0,    0) (   0,    0)
          (   0,    0) (   0,    0) (   0,    0) (   0,    0) (   0,    0) (   0,    0) (   0,    0) (   0,    0) (   0,    0) (   0,    0)
          (   0,    0) (   0,    0) (   0,    0) (   0,    0) (   0,    0) (   0,    0) (   0,    0) (   0,    0) (   0,    0) (   0,    0)
          (   0,    0) (   0,    0) (   0,    0) (   0,    0) (   0,    0) (   0,    0) (   0,    0) (   0,    0) (   0,    0) (   0,    0)
          (  21,    0) (  10,   10) (   0,   21) (   0,    0) (   0,    0) (   0,    0) (   0,    0) (   0,    0) (   0,    0) (   0,    0)
          (   0,    0) (   0,    0) (   0,    0) (   0,    0) (   0,    0) (   0,    0) (   0,    0) (   0,    0) (   0,    0) (   0,    0)
          (   0,    0) (   0,    0) (   0,    0) (   0,    0) (   0,    0) (   0,    0) (   0,    0) (   0,    0) (   0,    0) (   0,    0)
          (   0,    0) (   0,    0) (   0,    0) (   0,    0) (   0,    0) (   0,    0) (   0,    0) (   0,    0) (   0,    0) (   0,    0)
          (   0,    0) (   0,    0) (   0,    0) (   0,    0) (   0,    0) (   0,    0) (   0,    0) (   0,    0) (   0,    0) (   0,    0)
          (   9,    0) (   5,    5) (   0,    9) (   0,    0) (   0,    0) (   0,    0) (   0,    0) (   0,    0) (   0,    0) (   0,    0)
          (   0,    0) (   0,    0) (   0,    0) (   0,    0) (   0,    0) (   0,    0) (   0,    0) (   0,    0) (   0,    0) (   0,    0)
          (   0,    0) (   0,    0) (   0,    0) (   0,    0) (   0,    0) (   0,    0) (   0,    0) (   0,    0) (   0,    0) (   0,    0)
          (   0,    0) (   0,    0) (   0,    0) (   0,    0) (   0,    0) (   0,    0) (   0,    0) (   0,    0) (   0,    0) (   0,    0)
          (   0,    0) (   0,    0) (   0,    0) (   0,    0) (   0,    0) (   0,    0) (   0,    0) (   0,    0) (   0,    0) (   0,    0)
          (   0,    0) (   0,    0) (   0,    0) (   0,    0) (   0,    0) (   0,    0) (   0,    0) (   0,    0) (   0,    0) (   0,    0)
          (   0,    0) (   0,    0) (   0,    0) (   0,    0) (   0,    0) (   0,    0) (   0,    0) (   0,    0) (   0,    0) (   0,    0)
          (   0,    0) (   0,    0) (   0,    0) (   0,    0) (   0,    0) (   0,    0) (   0,    0) (   0,    0) (   0,    0) (   0,    0)
          (   0,    0) (   0,    0) (   0,    0) (   0,    0) (   0,    0) (   0,    0) (   0,    0) (   0,    0) (   0,    0) (   0,    0)
          (   0,    0) (   0,    0) (   0,    0) (   0,    0) (   0,    0) (   0,    0) (   0,    0) (   0,    0) (   0,    0) (   0,    0)
          (   0,    0) (   0,    0) (   0,    0) (   0,    0) (   0,    0) (   0,    0) (   0,    0) (   0,    0) (   0,    0) (   0,    0)
          (   0,    0) (   0,    0) (   0,    0) (   0,    0) (   0,    0) (   0,    0) (   0,    0) (   0,    0) (   0,    0) (   0,    0)
          (   0,    0) (   0,    0) (   0,    0) (   0,    0) (   0,    0) (   0,    0) (   0,    0) (   0,    0) (   0,    0) (   0,    0)
          (   0,    0) (   0,    0) (   0,    0) (   0,    0) (   0,    0) (   0,    0) (   0,    0) (   0,    0) (   0,    0) (   0,    0)
          (   0,    0) (   0,    0) (   0,    0) (   0,    0) (   0,    0) (   0,    0) (   0,    0) (   0,    0) (   0,    0) (   0,    0)
          (   0,    0) (   0,    0) (   0,    0) (   0,    0) (   0,    0) (   0,    0) (   0,    0) (   0,    0) (   0,    0) (   0,    0)
          (   0,    0) (   0,    0) (   0,    0) (   0,    0) (   0,    0) (   0,    0) (   0,    0) (   0,    0) (   0,    0) (   0,    0)
          (   0,    0) (   0,    0) (   0,    0) (   0,    0) (   0,    0) (   0,    0) (   0,    0) (   0,    0) (   0,    0) (   0,    0)
          (   0,    0) (   0,    0) (   0,    0) (   0,    0) (   0,    0) (   0,    0) (   0,    0) (   0,    0) (   0,    0) (   0,    0)
          (   0,    0) (   0,    0) (   0,    0) (   0,    0) (   0,    0) (   0,    0) (   0,    0) (   0,    0) (   0,    0) (   0,    0)
          (   0,    0) (   0,    0) (   0,    0) (   0,    0) (   0,    0) (   0,    0) (   0,    0) (   0,    0) (   0,    0) (   0,    0)
          (   0,    0) (   0,    0) (   0,    0) (   0,    0) (   0,    0) (   0,    0) (   0,    0) (   0,    0) (   0,    0) (   0,    0)
          (   0,    0) (   0,    0) (   0,    0) (   0,    0) (   0,    0) (   0,    0) (   0,    0) (   0,    0) (   0,    0) (   0,    0)
          (   0,    0) (   0,    0) (   0,    0) (   0,    0) (   0,    0) (   0,    0) (   0,    0) (   0,    0) (   0,    0) (   0,    0)
          (   0,    0) (   0,    0) (   0,    0) (   0,    0) (   0,    0) (   0,    0) (   0,    0) (   0,    0) (   0,    0) (   0,    0)
          (   0,    0) (   0,    0) (   0,    0) (   0,    0) (   0,    0) (   0,    0) (   0,    0) (   0,    0) (   0,    0) (   0,    0)
          (   0,    0) (   0,    0) (   0,    0) (   0,    0) (   0,    0) (   0,    0) (   0,    0) (   0,    0) (   0,    0) (   0,    0)
          (   0,    0) (   0,    0) (   0,    0) (   0,    0) (   0,    0) (   0,    0) (   0,    0) (   0,    0) (   0,    0) (   0,    0)
          (   0,    0) (   0,    0) (   0,    0) (   0,    0) (   0,    0) (   0,    0) (   0,    0) (   0,    0) (   0,    0) (   0,    0)
          (   0,    0) (   0,    0) (   0,    0) (   0,    0) (   0,    0) (   0,    0) (   0,    0) (   0,    0) (   0,    0) (   0,    0)
          (   0,    0) (   0,    0) (   0,    0) (   0,    0) (   0,    0) (   0,    0) (   0,    0) (   0,    0) (   0,    0) (   0,    0)
          (   0,    0) (   0,    0) (   0,    0) (   0,    0) (   0,    0) (   0,    0) (   0,    0) (   0,    0) (   0,    0) (   0,    0)
          (   0,    0) (   0,    0) (   0,    0) (   0,    0) (   0,    0) (   0,    0) (   0,    0) (   0,    0) (   0,    0) (   0,    0)
          (   0,    0) (   0,    0) (   0,    0) (   0,    0) (   0,    0) (   0,    0) (   0,    0) (   0,    0) (   0,    0) (   0,    0)
          (   0,    0) (   0,    0) (   0,    0) (   0,    0) (   0,    0) (   0,    0) (   0,    0) (   0,    0) (   0,    0) (   0,    0)
          (   0,    0) (   0,    0) (   0,    0) (   0,    0) (   0,    0) (   0,    0) (   0,    0) (   0,    0) (   0,    0) (   0,    0)
          (   0,    0) (   0,    0) (   0,    0) (   0,    0) (   0,    0) (   0,    0) (   0,    0) (   0,    0) (   0,    0) (   0,    0)
          (   0,    0) (   0,    0) (   0,    0) (   0,    0) (   0,    0) (   0,    0) (   0,    0) (   0,    0) (   0,    0) (   0,    0)
          (   0,    0) (   0,    0) (   0,    0) (   0,    0) (   0,    0) (   0,    0) (   0,    0) (   0,    0) (   0,    0) (   0,    0)
          (   0,    0) (   0,    0) (   0,    0) (   0,    0) (   0,    0) (   0,    0) (   0,    0) (   0,    0) (   0,    0) (   0,    0)
          (   0,    0) (   0,    0) (   0,    0) (   0,    0) (   0,    0) (   0,    0) (   0,    0) (   0,    0) (   0,    0) (   0,    0)
          (   0,    0) (   0,    0) (   0,    0) (   0,    0) (   0,    0) (   0,    0) (   0,    0) (   0,    0) (   0,    0) (   0,    0)
          (   0,    0) (   0,    0) (   0,    0) (   0,    0) (   0,    0) (   0,    0) (   0,    0) (   0,    0) (   0,    0) (   0,    0)
          (   0,    0) (   0,    0) (   0,    0) (   0,    0) (   0,    0) (   0,    0) (   0,    0) (   0,    0) (   0,    0) (   0,    0)
          (   0,    0) (   0,    0) (   0,    0) (   0,    0) (   0,    0) (   0,    0) (   0,    0) (   0,    0) (   0,    0) (   0,    0)
          (   0,    0) (   0,    0) (   0,    0) (   0,    0) (   0,    0) (   0,    0) (   0,    0) (   0,    0) (   0,    0) (   0,    0)
          (   0,    0) (   0,    0) (   0,    0) (   0,    0) (   0,    0) (   0,    0) (   0,    0) (   0,    0) (   0,    0) (   0,    0)
          (   0,    0) (   0,    0) (   0,    0) (   0,    0) (   0,    0) (   0,    0) (   0,    0) (   0,    0) (   0,    0) (   0,    0)
          (   0,    0) (   0,    0) (   0,    0) (   0,    0) (   0,    0) (   0,    0) (   0,    0) (   0,    0) (   0,    0) (   0,    0)
          (   0,    0) (   0,    0) (   0,    0) (   0,    0) (   0,    0) (   0,    0) (   0,    0) (   0,    0) (   0,    0) (   0,    0)
          (   0,    0) (   0,    0) (   0,    0) (   0,    0) (   0,    0) (   0,    0) (   0,    0) (   0,    0) (   0,    0) (   0,    0)
          (   0,    0) (   0,    0) (   0,    0) (   0,    0) (   0,    0) (   0,    0) (   0,    0) (   0,    0) (   0,    0) (   0,    0)
          (   0,    0) (   0,    0) (   0,    0) (   0,    0) (   0,    0) (   0,    0) (   0,    0) (   0,    0) (   0,    0) (   0,    0)
          (   0,    0) (   0,    0) (   0,    0) (   0,    0) (   0,    0) (   0,    0) (   0,    0) (   0,    0) (   0,    0) (   0,    0)
          (   0,    0) (   0,    0) (   0,    0) (   0,    0) (   0,    0) (   0,    0) (   0,    0) (   0,    0) (   0,    0) (   0,    0)
         
node   2 sent_total     45  recv_total     45

node   3  (   0,    0) (   0,    0) (   0,    0) (   0,    0) (   0,    0) (   0,    0) (   0,    0) (   0,    0) (   0,    0) (   0,    0)
          (   0,    0) (   0,    0) (   0,    0) (   0,    0) (   0,    0) (   0,    0) (   0,    0) (   0,    0) (   0,    0) (   0,    0)
          (   0,    0) (   0,    0) (   0,    0) (   0,    0) (   0,    0) (   0,    0) (   0,    0) (   0,    0) (   0,    0) (   0,    0)
          (   0,    0) (   0,    0) (   0,    0) (   0,    0) (   0,    0) (   0,    0) (   0,    0) (   0,    0) (   0,    0) (   0,    0)
          (   0,    0) (   0,    0) (   0,    0) (   0,    0) (   0,    0) (   0,    0) (   0,    0) (   0,    0) (   0,    0) (   0,    0)
          (   0,    0) (   0,    0) (   0,    0) (   0,    0) (   0,    0) (   0,    0) (   0,    0) (   0,    0) (   0,    0) (   0,    0)
          (   0,    0) (   0,    0) (   0,    0) (   0,    0) (   0,    0) (   0,    0) (   0,    0) (   0,    0) (   0,    0) (   0,    0)
          (   0,    0) (   0,    0) (   0,    0) (   0,    0) (   0,    0) (   0,    0) (   0,    0) (   0,    0) (   0,    0) (   0,    0)
          (   0,    0) (   0,    0) (   0,    0) (   0,    0) (   0,    0) (   0,    0) (   0,    0) (   0,    0) (   0,    0) (   0,    0)
          (   0,    0) (   0,    0) (   0,    0) (   0,    0) (   0,    0) (   0,    0) (   0,    0) (   0,    0) (   0,    0) (   0,    0)
          (  33,    0) (  53,   53) (   0,   33) (   0,    0) (   0,    0) (   0,    0) (   0,    0) (   0,    0) (   0,    0) (   0,    0)
          (   0,    0) (   0,    0) (   0,    0) (   0,    0) (   0,    0) (   0,    0) (   0,    0) (   0,    0) (   0,    0) (   0,    0)
          (   0,    0) (   0,    0) (   0,    0) (   0,    0) (   0,    0) (   0,    0) (   0,    0) (   0,    0) (   0,    0) (   0,    0)
          (   0,    0) (   0,    0) (   0,    0) (   0,    0) (   0,    0) (   0,    0) (   0,    0) (   0,    0) (   0,    0) (   0,    0)
          (   0,    0) (   0,    0) (   0,    0) (   0,    0) (   0,    0) (   0,    0) (   0,    0) (   0,    0) (   0,    0) (   0,    0)
          (  12,    0) (  29,   29) (   0,   12) (   0,    0) (   0,    0) (   0,    0) (   0,    0) (   0,    0) (   0,    0) (   0,    0)
          (   0,    0) (   0,    0) (   0,    0) (   0,    0) (   0,    0) (   0,    0) (   0,    0) (   0,    0) (   0,    0) (   0,    0)
          (   0,    0) (   0,    0) (   0,    0) (   0,    0) (   0,    0) (   0,    0) (   0,    0) (   0,    0) (   0,    0) (   0,    0)
          (   0,    0) (   0,    0) (   0,    0) (   0,    0) (   0,    0) (   0,    0) (   0,    0) (   0,    0) (   0,    0) (   0,    0)
          (   0,    0) (   0,    0) (   0,    0) (   0,    0) (   0,    0) (   0,    0) (   0,    0) (   0,    0) (   0,    0) (   0,    0)
          (   0,    0) (   0,    0) (   0,    0) (   0,    0) (   0,    0) (   0,    0) (   0,    0) (   0,    0) (   0,    0) (   0,    0)
          (   0,    0) (   0,    0) (   0,    0) (   0,    0) (   0,    0) (   0,    0) (   0,    0) (   0,    0) (   0,    0) (   0,    0)
          (   0,    0) (   0,    0) (   0,    0) (   0,    0) (   0,    0) (   0,    0) (   0,    0) (   0,    0) (   0,    0) (   0,    0)
          (   0,    0) (   0,    0) (   0,    0) (   0,    0) (   0,    0) (   0,    0) (   0,    0) (   0,    0) (   0,    0) (   0,    0)
          (   0,    0) (   0,    0) (   0,    0) (   0,    0) (   0,    0) (   0,    0) (   0,    0) (   0,    0) (   0,    0) (   0,    0)
          (   0,    0) (   0,    0) (   0,    0) (   0,    0) (   0,    0) (   0,    0) (   0,    0) (   0,    0) (   0,    0) (   0,    0)
          (   0,    0) (   0,    0) (   0,    0) (   0,    0) (   0,    0) (   0,    0) (   0,    0) (   0,    0) (   0,    0) (   0,    0)
          (   0,    0) (   0,    0) (   0,    0) (   0,    0) (   0,    0) (   0,    0) (   0,    0) (   0,    0) (   0,    0) (   0,    0)
          (   0,    0) (   0,    0) (   0,    0) (   0,    0) (   0,    0) (   0,    0) (   0,    0) (   0,    0) (   0,    0) (   0,    0)
          (   0,    0) (   0,    0) (   0,    0) (   0,    0) (   0,    0) (   0,    0) (   0,    0) (   0,    0) (   0,    0) (   0,    0)
          (   0,    0) (   0,    0) (   0,    0) (   0,    0) (   0,    0) (   0,    0) (   0,    0) (   0,    0) (   0,    0) (   0,    0)
          (   0,    0) (   0,    0) (   0,    0) (   0,    0) (   0,    0) (   0,    0) (   0,    0) (   0,    0) (   0,    0) (   0,    0)
          (   0,    0) (   0,    0) (   0,    0) (   0,    0) (   0,    0) (   0,    0) (   0,    0) (   0,    0) (   0,    0) (   0,    0)
          (   0,    0) (   0,    0) (   0,    0) (   0,    0) (   0,    0) (   0,    0) (   0,    0) (   0,    0) (   0,    0) (   0,    0)
          (   0,    0) (   0,    0) (   0,    0) (   0,    0) (   0,    0) (   0,    0) (   0,    0) (   0,    0) (   0,    0) (   0,    0)
          (   0,    0) (   0,    0) (   0,    0) (   0,    0) (   0,    0) (   0,    0) (   0,    0) (   0,    0) (   0,    0) (   0,    0)
          (   0,    0) (   0,    0) (   0,    0) (   0,    0) (   0,    0) (   0,    0) (   0,    0) (   0,    0) (   0,    0) (   0,    0)
          (   0,    0) (   0,    0) (   0,    0) (   0,    0) (   0,    0) (   0,    0) (   0,    0) (   0,    0) (   0,    0) (   0,    0)
          (   0,    0) (   0,    0) (   0,    0) (   0,    0) (   0,    0) (   0,    0) (   0,    0) (   0,    0) (   0,    0) (   0,    0)
          (   0,    0) (   0,    0) (   0,    0) (   0,    0) (   0,    0) (   0,    0) (   0,    0) (   0,    0) (   0,    0) (   0,    0)
          (   0,    0) (   0,    0) (   0,    0) (   0,    0) (   0,    0) (   0,    0) (   0,    0) (   0,    0) (   0,    0) (   0,    0)
          (   0,    0) (   0,    0) (   0,    0) (   0,    0) (   0,    0) (   0,    0) (   0,    0) (   0,    0) (   0,    0) (   0,    0)
          (   0,    0) (   0,    0) (   0,    0) (   0,    0) (   0,    0) (   0,    0) (   0,    0) (   0,    0) (   0,    0) (   0,    0)
          (   0,    0) (   0,    0) (   0,    0) (   0,    0) (   0,    0) (   0,    0) (   0,    0) (   0,    0) (   0,    0) (   0,    0)
          (   0,    0) (   0,    0) (   0,    0) (   0,    0) (   0,    0) (   0,    0) (   0,    0) (   0,    0) (   0,    0) (   0,    0)
          (   0,    0) (   0,    0) (   0,    0) (   0,    0) (   0,    0) (   0,    0) (   0,    0) (   0,    0) (   0,    0) (   0,    0)
          (   0,    0) (   0,    0) (   0,    0) (   0,    0) (   0,    0) (   0,    0) (   0,    0) (   0,    0) (   0,    0) (   0,    0)
          (   0,    0) (   0,    0) (   0,    0) (   0,    0) (   0,    0) (   0,    0) (   0,    0) (   0,    0) (   0,    0) (   0,    0)
          (   0,    0) (   0,    0) (   0,    0) (   0,    0) (   0,    0) (   0,    0) (   0,    0) (   0,    0) (   0,    0) (   0,    0)
          (   0,    0) (   0,    0) (   0,    0) (   0,    0) (   0,    0) (   0,    0) (   0,    0) (   0,    0) (   0,    0) (   0,    0)
          (   0,    0) (   0,    0) (   0,    0) (   0,    0) (   0,    0) (   0,    0) (   0,    0) (   0,    0) (   0,    0) (   0,    0)
          (   0,    0) (   0,    0) (   0,    0) (   0,    0) (   0,    0) (   0,    0) (   0,    0) (   0,    0) (   0,    0) (   0,    0)
          (   0,    0) (   0,    0) (   0,    0) (   0,    0) (   0,    0) (   0,    0) (   0,    0) (   0,    0) (   0,    0) (   0,    0)
          (   0,    0) (   0,    0) (   0,    0) (   0,    0) (   0,    0) (   0,    0) (   0,    0) (   0,    0) (   0,    0) (   0,    0)
          (   0,    0) (   0,    0) (   0,    0) (   0,    0) (   0,    0) (   0,    0) (   0,    0) (   0,    0) (   0,    0) (   0,    0)
          (   0,    0) (   0,    0) (   0,    0) (   0,    0) (   0,    0) (   0,    0) (   0,    0) (   0,    0) (   0,    0) (   0,    0)
          (   0,    0) (   0,    0) (   0,    0) (   0,    0) (   0,    0) (   0,    0) (   0,    0) (   0,    0) (   0,    0) (   0,    0)
          (   0,    0) (   0,    0) (   0,    0) (   0,    0) (   0,    0) (   0,    0) (   0,    0) (   0,    0) (   0,    0) (   0,    0)
          (   0,    0) (   0,    0) (   0,    0) (   0,    0) (   0,    0) (   0,    0) (   0,    0) (   0,    0) (   0,    0) (   0,    0)
          (   0,    0) (   0,    0) (   0,    0) (   0,    0) (   0,    0) (   0,    0) (   0,    0) (   0,    0) (   0,    0) (   0,    0)
          (   0,    0) (   0,    0) (   0,    0) (   0,    0) (   0,    0) (   0,    0) (   0,    0) (   0,    0) (   0,    0) (   0,    0)
          (   0,    0) (   0,    0) (   0,    0) (   0,    0) (   0,    0) (   0,    0) (   0,    0) (   0,    0) (   0,    0) (   0,    0)
          (   0,    0) (   0,    0) (   0,    0) (   0,    0) (   0,    0) (   0,    0) (   0,    0) (   0,    0) (   0,    0) (   0,    0)
          (   0,    0) (   0,    0) (   0,    0) (   0,    0) (   0,    0) (   0,    0) (   0,    0) (   0,    0) (   0,    0) (   0,    0)
          (   0,    0) (   0,    0) (   0,    0) (   0,    0) (   0,    0) (   0,    0) (   0,    0) (   0,    0) (   0,    0) (   0,    0)
          (   0,    0) (   0,    0) (   0,    0) (   0,    0) (   0,    0) (   0,    0) (   0,    0) (   0,    0) (   0,    0) (   0,    0)
          (   0,    0) (   0,    0) (   0,    0) (   0,    0) (   0,    0) (   0,    0) (   0,    0) (   0,    0) (   0,    0) (   0,    0)
          (   0,    0) (   0,    0) (   0,    0) (   0,    0) (   0,    0) (   0,    0) (   0,    0) (   0,    0) (   0,    0) (   0,    0)
          (   0,    0) (   0,    0) (   0,    0) (   0,    0) (   0,    0) (   0,    0) (   0,    0) (   0,    0) (   0,    0) (   0,    0)
          (   0,    0) (   0,    0) (   0,    0) (   0,    0) (   0,    0) (   0,    0) (   0,    0) (   0,    0) (   0,    0) (   0,    0)
         
node   3 sent_total    127  recv_total    127

node   4  (   0,    0) (   0,    0) (   0,    0) (   0,    0) (   0,    0) (   0,    0) (   0,    0) (   0,    0) (   0,    0) (   0,    0)
          (   0,    0) (   0,    0) (   0,    0) (   0,    0) (   0,    0) (   0,    0) (   0,    0) (   0,    0) (   0,    0) (   0,    0)
          (   0,    0) (   0,    0) (   0,    0) (   0,    0) (   0,    0) (   0,    0) (   0,    0) (   0,    0) (   0,    0) (   0,    0)
          (   0,    0) (   0,    0) (   0,    0) (   0,    0) (   0,    0) (   0,    0) (   0,    0) (   0,    0) (   0,    0) (   0,    0)
          (   0,    0) (   0,    0) (   0,    0) (   0,    0) (   0,    0) (   0,    0) (   0,    0) (   0,    0) (   0,    0) (   0,    0)
          (   0,    0) (   0,    0) (   0,    0) (   0,    0) (   0,    0) (   0,    0) (   0,    0) (   0,    0) (   0,    0) (   0,    0)
          (   0,    0) (   0,    0) (   0,    0) (   0,    0) (   0,    0) (   0,    0) (   0,    0) (   0,    0) (   0,    0) (   0,    0)
          (   0,    0) (   0,    0) (   0,    0) (   0,    0) (   0,    0) (   0,    0) (   0,    0) (   0,    0) (   0,    0) (   0,    0)
          (   0,    0) (   0,    0) (   0,    0) (   0,    0) (   0,    0) (   0,    0) (   0,    0) (   0,    0) (   0,    0) (   0,    0)
          (   0,    0) (   0,    0) (   0,    0) (   0,    0) (   0,    0) (   0,    0) (   0,    0) (   0,    0) (   0,    0) (   0,    0)
          (  39,    0) (  30,   30) (   0,   39) (   0,    0) (   0,    0) (   0,    0) (   0,    0) (   0,    0) (   0,    0) (   0,    0)
          (   0,    0) (   0,    0) (   0,    0) (   0,    0) (   0,    0) (   0,    0) (   0,    0) (   0,    0) (   0,    0) (   0,    0)
          (   0,    0) (   0,    0) (   0,    0) (   0,    0) (   0,    0) (   0,    0) (   0,    0) (   0,    0) (   0,    0) (   0,    0)
          (   0,    0) (   0,    0) (   0,    0) (   0,    0) (   0,    0) (   0,    0) (   0,    0) (   0,    0) (   0,    0) (   0,    0)
          (   0,    0) (   0,    0) (   0,    0) (   0,    0) (   0,    0) (   0,    0) (   0,    0) (   0,    0) (   0,    0) (   0,    0)
          (  21,    0) (  14,   14) (   0,   21) (   0,    0) (   0,    0) (   0,    0) (   0,    0) (   0,    0) (   0,    0) (   0,    0)
          (   0,    0) (   0,    0) (   0,    0) (   0,    0) (   0,    0) (   0,    0) (   0,    0) (   0,    0) (   0,    0) (   0,    0)
          (   0,    0) (   0,    0) (   0,    0) (   0,    0) (   0,    0) (   0,    0) (   0,    0) (   0,    0) (   0,    0) (   0,    0)
          (   0,    0) (   0,    0) (   0,    0) (   0,    0) (   0,    0) (   0,    0) (   0,    0) (   0,    0) (   0,    0) (   0,    0)
          (   0,    0) (   0,    0) (   0,    0) (   0,    0) (   0,    0) (   0,    0) (   0,    0) (   0,    0) (   0,    0) (   0,    0)
          (   0,    0) (   0,    0) (   0,    0) (   0,    0) (   0,    0) (   0,    0) (   0,    0) (   0,    0) (   0,    0) (   0,    0)
          (   0,    0) (   0,    0) (   0,    0) (   0,    0) (   0,    0) (   0,    0) (   0,    0) (   0,    0) (   0,    0) (   0,    0)
          (   0,    0) (   0,    0) (   0,    0) (   0,    0) (   0,    0) (   0,    0) (   0,    0) (   0,    0) (   0,    0) (   0,    0)
          (   0,    0) (   0,    0) (   0,    0) (   0,    0) (   0,    0) (   0,    0) (   0,    0) (   0,    0) (   0,    0) (   0,    0)
          (   0,    0) (   0,    0) (   0,    0) (   0,    0) (   0,    0) (   0,    0) (   0,    0) (   0,    0) (   0,    0) (   0,    0)
          (   0,    0) (   0,    0) (   0,    0) (   0,    0) (   0,    0) (   0,    0) (   0,    0) (   0,    0) (   0,    0) (   0,    0)
          (   0,    0) (   0,    0) (   0,    0) (   0,    0) (   0,    0) (   0,    0) (   0,    0) (   0,    0) (   0,    0) (   0,    0)
          (   0,    0) (   0,    0) (   0,    0) (   0,    0) (   0,    0) (   0,    0) (   0,    0) (   0,    0) (   0,    0) (   0,    0)
          (   0,    0) (   0,    0) (   0,    0) (   0,    0) (   0,    0) (   0,    0) (   0,    0) (   0,    0) (   0,    0) (   0,    0)
          (   0,    0) (   0,    0) (   0,    0) (   0,    0) (   0,    0) (   0,    0) (   0,    0) (   0,    0) (   0,    0) (   0,    0)
          (   0,    0) (   0,    0) (   0,    0) (   0,    0) (   0,    0) (   0,    0) (   0,    0) (   0,    0) (   0,    0) (   0,    0)
          (   0,    0) (   0,    0) (   0,    0) (   0,    0) (   0,    0) (   0,    0) (   0,    0) (   0,    0) (   0,    0) (   0,    0)
          (   0,    0) (   0,    0) (   0,    0) (   0,    0) (   0,    0) (   0,    0) (   0,    0) (   0,    0) (   0,    0) (   0,    0)
          (   0,    0) (   0,    0) (   0,    0) (   0,    0) (   0,    0) (   0,    0) (   0,    0) (   0,    0) (   0,    0) (   0,    0)
          (   0,    0) (   0,    0) (   0,    0) (   0,    0) (   0,    0) (   0,    0) (   0,    0) (   0,    0) (   0,    0) (   0,    0)
          (   0,    0) (   0,    0) (   0,    0) (   0,    0) (   0,    0) (   0,    0) (   0,    0) (   0,    0) (   0,    0) (   0,    0)
          (   0,    0) (   0,    0) (   0,    0) (   0,    0) (   0,    0) (   0,    0) (   0,    0) (   0,    0) (   0,    0) (   0,    0)
          (   0,    0) (   0,    0) (   0,    0) (   0,    0) (   0,    0) (   0,    0) (   0,    0) (   0,    0) (   0,    0) (   0,    0)
          (   0,    0) (   0,    0) (   0,    0) (   0,    0) (   0,    0) (   0,    0) (   0,    0) (   0,    0) (   0,    0) (   0,    0)
          (   0,    0) (   0,    0) (   0,    0) (   0,    0) (   0,    0) (   0,    0) (   0,    0) (   0,    0) (   0,    0) (   0,    0)
          (   0,    0) (   0,    0) (   0,    0) (   0,    0) (   0,    0) (   0,    0) (   0,    0) (   0,    0) (   0,    0) (   0,    0)
          (   0,    0) (   0,    0) (   0,    0) (   0,    0) (   0,    0) (   0,    0) (   0,    0) (   0,    0) (   0,    0) (   0,    0)
          (   0,    0) (   0,    0) (   0,    0) (   0,    0) (   0,    0) (   0,    0) (   0,    0) (   0,    0) (   0,    0) (   0,    0)
          (   0,    0) (   0,    0) (   0,    0) (   0,    0) (   0,    0) (   0,    0) (   0,    0) (   0,    0) (   0,    0) (   0,    0)
          (   0,    0) (   0,    0) (   0,    0) (   0,    0) (   0,    0) (   0,    0) (   0,    0) (   0,    0) (   0,    0) (   0,    0)
          (   0,    0) (   0,    0) (   0,    0) (   0,    0) (   0,    0) (   0,    0) (   0,    0) (   0,    0) (   0,    0) (   0,    0)
          (   0,    0) (   0,    0) (   0,    0) (   0,    0) (   0,    0) (   0,    0) (   0,    0) (   0,    0) (   0,    0) (   0,    0)
          (   0,    0) (   0,    0) (   0,    0) (   0,    0) (   0,    0) (   0,    0) (   0,    0) (   0,    0) (   0,    0) (   0,    0)
          (   0,    0) (   0,    0) (   0,    0) (   0,    0) (   0,    0) (   0,    0) (   0,    0) (   0,    0) (   0,    0) (   0,    0)
          (   0,    0) (   0,    0) (   0,    0) (   0,    0) (   0,    0) (   0,    0) (   0,    0) (   0,    0) (   0,    0) (   0,    0)
          (   0,    0) (   0,    0) (   0,    0) (   0,    0) (   0,    0) (   0,    0) (   0,    0) (   0,    0) (   0,    0) (   0,    0)
          (   0,    0) (   0,    0) (   0,    0) (   0,    0) (   0,    0) (   0,    0) (   0,    0) (   0,    0) (   0,    0) (   0,    0)
          (   0,    0) (   0,    0) (   0,    0) (   0,    0) (   0,    0) (   0,    0) (   0,    0) (   0,    0) (   0,    0) (   0,    0)
          (   0,    0) (   0,    0) (   0,    0) (   0,    0) (   0,    0) (   0,    0) (   0,    0) (   0,    0) (   0,    0) (   0,    0)
          (   0,    0) (   0,    0) (   0,    0) (   0,    0) (   0,    0) (   0,    0) (   0,    0) (   0,    0) (   0,    0) (   0,    0)
          (   0,    0) (   0,    0) (   0,    0) (   0,    0) (   0,    0) (   0,    0) (   0,    0) (   0,    0) (   0,    0) (   0,    0)
          (   0,    0) (   0,    0) (   0,    0) (   0,    0) (   0,    0) (   0,    0) (   0,    0) (   0,    0) (   0,    0) (   0,    0)
          (   0,    0) (   0,    0) (   0,    0) (   0,    0) (   0,    0) (   0,    0) (   0,    0) (   0,    0) (   0,    0) (   0,    0)
          (   0,    0) (   0,    0) (   0,    0) (   0,    0) (   0,    0) (   0,    0) (   0,    0) (   0,    0) (   0,    0) (   0,    0)
          (   0,    0) (   0,    0) (   0,    0) (   0,    0) (   0,    0) (   0,    0) (   0,    0) (   0,    0) (   0,    0) (   0,    0)
          (   0,    0) (   0,    0) (   0,    0) (   0,    0) (   0,    0) (   0,    0) (   0,    0) (   0,    0) (   0,    0) (   0,    0)
          (   0,    0) (   0,    0) (   0,    0) (   0,    0) (   0,    0) (   0,    0) (   0,    0) (   0,    0) (   0,    0) (   0,    0)
          (   0,    0) (   0,    0) (   0,    0) (   0,    0) (   0,    0) (   0,    0) (   0,    0) (   0,    0) (   0,    0) (   0,    0)
          (   0,    0) (   0,    0) (   0,    0) (   0,    0) (   0,    0) (   0,    0) (   0,    0) (   0,    0) (   0,    0) (   0,    0)
          (   0,    0) (   0,    0) (   0,    0) (   0,    0) (   0,    0) (   0,    0) (   0,    0) (   0,    0) (   0,    0) (   0,    0)
          (   0,    0) (   0,    0) (   0,    0) (   0,    0) (   0,    0) (   0,    0) (   0,    0) (   0,    0) (   0,    0) (   0,    0)
          (   0,    0) (   0,    0) (   0,    0) (   0,    0) (   0,    0) (   0,    0) (   0,    0) (   0,    0) (   0,    0) (   0,    0)
          (   0,    0) (   0,    0) (   0,    0) (   0,    0) (   0,    0) (   0,    0) (   0,    0) (   0,    0) (   0,    0) (   0,    0)
          (   0,    0) (   0,    0) (   0,    0) (   0,    0) (   0,    0) (   0,    0) (   0,    0) (   0,    0) (   0,    0) (   0,    0)
          (   0,    0) (   0,    0) (   0,    0) (   0,    0) (   0,    0) (   0,    0) (   0,    0) (   0,    0) (   0,    0) (   0,    0)
         
node   4 sent_total    104  recv_total    104

node   5  (   0,    0) (   0,    0) (   0,    0) (   0,    0) (   0,    0) (   0,    0) (   0,    0) (   0,    0) (   0,    0) (   0,    0)
          (   0,    0) (   0,    0) (   0,    0) (   0,    0) (   0,    0) (   0,    0) (   0,    0) (   0,    0) (   0,    0) (   0,    0)
          (   0,    0) (   0,    0) (   0,    0) (   0,    0) (   0,    0) (   0,    0) (   0,    0) (   0,    0) (   0,    0) (   0,    0)
          (   0,    0) (   0,    0) (   0,    0) (   0,    0) (   0,    0) (   0,    0) (   0,    0) (   0,    0) (   0,    0) (   0,    0)
          (   0,    0) (   0,    0) (   0,    0) (   0,    0) (   0,    0) (   0,    0) (   0,    0) (   0,    0) (   0,    0) (   0,    0)
          (   0,    0) (   0,    0) (   0,    0) (   0,    0) (   0,    0) (   0,    0) (   0,    0) (   0,    0) (   0,    0) (   0,    0)
          (   0,    0) (   0,    0) (   0,    0) (   0,    0) (   0,    0) (   0,    0) (   0,    0) (   0,    0) (   0,    0) (   0,    0)
          (   0,    0) (   0,    0) (   0,    0) (   0,    0) (   0,    0) (   0,    0) (   0,    0) (   0,    0) (   0,    0) (   0,    0)
          (   0,    0) (   0,    0) (   0,    0) (   0,    0) (   0,    0) (   0,    0) (   0,    0) (   0,    0) (   0,    0) (   0,    0)
          (   0,    0) (   0,    0) (   0,    0) (   0,    0) (   0,    0) (   0,    0) (   0,    0) (   0,    0) (   0,    0) (   0,    0)
          (  24,    0) (  21,   21) (   0,   24) (   0,    0) (   0,    0) (   0,    0) (   0,    0) (   0,    0) (   0,    0) (   0,    0)
          (   0,    0) (   0,    0) (   0,    0) (   0,    0) (   0,    0) (   0,    0) (   0,    0) (   0,    0) (   0,    0) (   0,    0)
          (   0,    0) (   0,    0) (   0,    0) (   0,    0) (   0,    0) (   0,    0) (   0,    0) (   0,    0) (   0,    0) (   0,    0)
          (   0,    0) (   0,    0) (   0,    0) (   0,    0) (   0,    0) (   0,    0) (   0,    0) (   0,    0) (   0,    0) (   0,    0)
          (   0,    0) (   0,    0) (   0,    0) (   0,    0) (   0,    0) (   0,    0) (   0,    0) (   0,    0) (   0,    0) (   0,    0)
          (  18,    0) (  12,   12) (   0,   18) (   0,    0) (   0,    0) (   0,    0) (   0,    0) (   0,    0) (   0,    0) (   0,    0)
          (   0,    0) (   0,    0) (   0,    0) (   0,    0) (   0,    0) (   0,    0) (   0,    0) (   0,    0) (   0,    0) (   0,    0)
          (   0,    0) (   0,    0) (   0,    0) (   0,    0) (   0,    0) (   0,    0) (   0,    0) (   0,    0) (   0,    0) (   0,    0)
          (   0,    0) (   0,    0) (   0,    0) (   0,    0) (   0,    0) (   0,    0) (   0,    0) (   0,    0) (   0,    0) (   0,    0)
          (   0,    0) (   0,    0) (   0,    0) (   0,    0) (   0,    0) (   0,    0) (   0,    0) (   0,    0) (   0,    0) (   0,    0)
          (   0,    0) (   0,    0) (   0,    0) (   0,    0) (   0,    0) (   0,    0) (   0,    0) (   0,    0) (   0,    0) (   0,    0)
          (   0,    0) (   0,    0) (   0,    0) (   0,    0) (   0,    0) (   0,    0) (   0,    0) (   0,    0) (   0,    0) (   0,    0)
          (   0,    0) (   0,    0) (   0,    0) (   0,    0) (   0,    0) (   0,    0) (   0,    0) (   0,    0) (   0,    0) (   0,    0)
          (   0,    0) (   0,    0) (   0,    0) (   0,    0) (   0,    0) (   0,    0) (   0,    0) (   0,    0) (   0,    0) (   0,    0)
          (   0,    0) (   0,    0) (   0,    0) (   0,    0) (   0,    0) (   0,    0) (   0,    0) (   0,    0) (   0,    0) (   0,    0)
          (   0,    0) (   0,    0) (   0,    0) (   0,    0) (   0,    0) (   0,    0) (   0,    0) (   0,    0) (   0,    0) (   0,    0)
          (   0,    0) (   0,    0) (   0,    0) (   0,    0) (   0,    0) (   0,    0) (   0,    0) (   0,    0) (   0,    0) (   0,    0)
          (   0,    0) (   0,    0) (   0,    0) (   0,    0) (   0,    0) (   0,    0) (   0,    0) (   0,    0) (   0,    0) (   0,    0)
          (   0,    0) (   0,    0) (   0,    0) (   0,    0) (   0,    0) (   0,    0) (   0,    0) (   0,    0) (   0,    0) (   0,    0)
          (   0,    0) (   0,    0) (   0,    0) (   0,    0) (   0,    0) (   0,    0) (   0,    0) (   0,    0) (   0,    0) (   0,    0)
          (   0,    0) (   0,    0) (   0,    0) (   0,    0) (   0,    0) (   0,    0) (   0,    0) (   0,    0) (   0,    0) (   0,    0)
          (   0,    0) (   0,    0) (   0,    0) (   0,    0) (   0,    0) (   0,    0) (   0,    0) (   0,    0) (   0,    0) (   0,    0)
          (   0,    0) (   0,    0) (   0,    0) (   0,    0) (   0,    0) (   0,    0) (   0,    0) (   0,    0) (   0,    0) (   0,    0)
          (   0,    0) (   0,    0) (   0,    0) (   0,    0) (   0,    0) (   0,    0) (   0,    0) (   0,    0) (   0,    0) (   0,    0)
          (   0,    0) (   0,    0) (   0,    0) (   0,    0) (   0,    0) (   0,    0) (   0,    0) (   0,    0) (   0,    0) (   0,    0)
          (   0,    0) (   0,    0) (   0,    0) (   0,    0) (   0,    0) (   0,    0) (   0,    0) (   0,    0) (   0,    0) (   0,    0)
          (   0,    0) (   0,    0) (   0,    0) (   0,    0) (   0,    0) (   0,    0) (   0,    0) (   0,    0) (   0,    0) (   0,    0)
          (   0,    0) (   0,    0) (   0,    0) (   0,    0) (   0,    0) (   0,    0) (   0,    0) (   0,    0) (   0,    0) (   0,    0)
          (   0,    0) (   0,    0) (   0,    0) (   0,    0) (   0,    0) (   0,    0) (   0,    0) (   0,    0) (   0,    0) (   0,    0)
          (   0,    0) (   0,    0) (   0,    0) (   0,    0) (   0,    0) (   0,    0) (   0,    0) (   0,    0) (   0,    0) (   0,    0)
          (   0,    0) (   0,    0) (   0,    0) (   0,    0) (   0,    0) (   0,    0) (   0,    0) (   0,    0) (   0,    0) (   0,    0)
          (   0,    0) (   0,    0) (   0,    0) (   0,    0) (   0,    0) (   0,    0) (   0,    0) (   0,    0) (   0,    0) (   0,    0)
          (   0,    0) (   0,    0) (   0,    0) (   0,    0) (   0,    0) (   0,    0) (   0,    0) (   0,    0) (   0,    0) (   0,    0)
          (   0,    0) (   0,    0) (   0,    0) (   0,    0) (   0,    0) (   0,    0) (   0,    0) (   0,    0) (   0,    0) (   0,    0)
          (   0,    0) (   0,    0) (   0,    0) (   0,    0) (   0,    0) (   0,    0) (   0,    0) (   0,    0) (   0,    0) (   0,    0)
          (   0,    0) (   0,    0) (   0,    0) (   0,    0) (   0,    0) (   0,    0) (   0,    0) (   0,    0) (   0,    0) (   0,    0)
          (   0,    0) (   0,    0) (   0,    0) (   0,    0) (   0,    0) (   0,    0) (   0,    0) (   0,    0) (   0,    0) (   0,    0)
          (   0,    0) (   0,    0) (   0,    0) (   0,    0) (   0,    0) (   0,    0) (   0,    0) (   0,    0) (   0,    0) (   0,    0)
          (   0,    0) (   0,    0) (   0,    0) (   0,    0) (   0,    0) (   0,    0) (   0,    0) (   0,    0) (   0,    0) (   0,    0)
          (   0,    0) (   0,    0) (   0,    0) (   0,    0) (   0,    0) (   0,    0) (   0,    0) (   0,    0) (   0,    0) (   0,    0)
          (   0,    0) (   0,    0) (   0,    0) (   0,    0) (   0,    0) (   0,    0) (   0,    0) (   0,    0) (   0,    0) (   0,    0)
          (   0,    0) (   0,    0) (   0,    0) (   0,    0) (   0,    0) (   0,    0) (   0,    0) (   0,    0) (   0,    0) (   0,    0)
          (   0,    0) (   0,    0) (   0,    0) (   0,    0) (   0,    0) (   0,    0) (   0,    0) (   0,    0) (   0,    0) (   0,    0)
          (   0,    0) (   0,    0) (   0,    0) (   0,    0) (   0,    0) (   0,    0) (   0,    0) (   0,    0) (   0,    0) (   0,    0)
          (   0,    0) (   0,    0) (   0,    0) (   0,    0) (   0,    0) (   0,    0) (   0,    0) (   0,    0) (   0,    0) (   0,    0)
          (   0,    0) (   0,    0) (   0,    0) (   0,    0) (   0,    0) (   0,    0) (   0,    0) (   0,    0) (   0,    0) (   0,    0)
          (   0,    0) (   0,    0) (   0,    0) (   0,    0) (   0,    0) (   0,    0) (   0,    0) (   0,    0) (   0,    0) (   0,    0)
          (   0,    0) (   0,    0) (   0,    0) (   0,    0) (   0,    0) (   0,    0) (   0,    0) (   0,    0) (   0,    0) (   0,    0)
          (   0,    0) (   0,    0) (   0,    0) (   0,    0) (   0,    0) (   0,    0) (   0,    0) (   0,    0) (   0,    0) (   0,    0)
          (   0,    0) (   0,    0) (   0,    0) (   0,    0) (   0,    0) (   0,    0) (   0,    0) (   0,    0) (   0,    0) (   0,    0)
          (   0,    0) (   0,    0) (   0,    0) (   0,    0) (   0,    0) (   0,    0) (   0,    0) (   0,    0) (   0,    0) (   0,    0)
          (   0,    0) (   0,    0) (   0,    0) (   0,    0) (   0,    0) (   0,    0) (   0,    0) (   0,    0) (   0,    0) (   0,    0)
          (   0,    0) (   0,    0) (   0,    0) (   0,    0) (   0,    0) (   0,    0) (   0,    0) (   0,    0) (   0,    0) (   0,    0)
          (   0,    0) (   0,    0) (   0,    0) (   0,    0) (   0,    0) (   0,    0) (   0,    0) (   0,    0) (   0,    0) (   0,    0)
          (   0,    0) (   0,    0) (   0,    0) (   0,    0) (   0,    0) (   0,    0) (   0,    0) (   0,    0) (   0,    0) (   0,    0)
          (   0,    0) (   0,    0) (   0,    0) (   0,    0) (   0,    0) (   0,    0) (   0,    0) (   0,    0) (   0,    0) (   0,    0)
          (   0,    0) (   0,    0) (   0,    0) (   0,    0) (   0,    0) (   0,    0) (   0,    0) (   0,    0) (   0,    0) (   0,    0)
          (   0,    0) (   0,    0) (   0,    0) (   0,    0) (   0,    0) (   0,    0) (   0,    0) (   0,    0) (   0,    0) (   0,    0)
          (   0,    0) (   0,    0) (   0,    0) (   0,    0) (   0,    0) (   0,    0) (   0,    0) (   0,    0) (   0,    0) (   0,    0)
          (   0,    0) (   0,    0) (   0,    0) (   0,    0) (   0,    0) (   0,    0) (   0,    0) (   0,    0) (   0,    0) (   0,    0)
         
node   5 sent_total     75  recv_total     75

node   6  (   0,    0) (   0,    0) (   0,    0) (   0,    0) (   0,    0) (   0,    0) (   0,    0) (   0,    0) (   0,    0) (   0,    0)
          (   0,    0) (   0,    0) (   0,    0) (   0,    0) (   0,    0) (   0,    0) (   0,    0) (   0,    0) (   0,    0) (   0,    0)
          (   0,    0) (   0,    0) (   0,    0) (   0,    0) (   0,    0) (   0,    0) (   0,    0) (   0,    0) (   0,    0) (   0,    0)
          (   0,    0) (   0,    0) (   0,    0) (   0,    0) (   0,    0) (   0,    0) (   0,    0) (   0,    0) (   0,    0) (   0,    0)
          (   0,    0) (   0,    0) (   0,    0) (   0,    0) (   0,    0) (   0,    0) (   0,    0) (   0,    0) (   0,    0) (   0,    0)
          (   0,    0) (   0,    0) (   0,    0) (   0,    0) (   0,    0) (   0,    0) (   0,    0) (   0,    0) (   0,    0) (   0,    0)
          (   0,    0) (   0,    0) (   0,    0) (   0,    0) (   0,    0) (   0,    0) (   0,    0) (   0,    0) (   0,    0) (   0,    0)
          (   0,    0) (   0,    0) (   0,    0) (   0,    0) (   0,    0) (   0,    0) (   0,    0) (   0,    0) (   0,    0) (   0,    0)
          (   0,    0) (   0,    0) (   0,    0) (   0,    0) (   0,    0) (   0,    0) (   0,    0) (   0,    0) (   0,    0) (   0,    0)
          (   0,    0) (   0,    0) (   0,    0) (   0,    0) (   0,    0) (   0,    0) (   0,    0) (   0,    0) (   0,    0) (   0,    0)
          (  33,    0) (  23,   23) (   0,   33) (   0,    0) (   0,    0) (   0,    0) (   0,    0) (   0,    0) (   0,    0) (   0,    0)
          (   0,    0) (   0,    0) (   0,    0) (   0,    0) (   0,    0) (   0,    0) (   0,    0) (   0,    0) (   0,    0) (   0,    0)
          (   0,    0) (   0,    0) (   0,    0) (   0,    0) (   0,    0) (   0,    0) (   0,    0) (   0,    0) (   0,    0) (   0,    0)
          (   0,    0) (   0,    0) (   0,    0) (   0,    0) (   0,    0) (   0,    0) (   0,    0) (   0,    0) (   0,    0) (   0,    0)
          (   0,    0) (   0,    0) (   0,    0) (   0,    0) (   0,    0) (   0,    0) (   0,    0) (   0,    0) (   0,    0) (   0,    0)
          (  18,    0) (  10,   10) (   0,   18) (   0,    0) (   0,    0) (   0,    0) (   0,    0) (   0,    0) (   0,    0) (   0,    0)
          (   0,    0) (   0,    0) (   0,    0) (   0,    0) (   0,    0) (   0,    0) (   0,    0) (   0,    0) (   0,    0) (   0,    0)
          (   0,    0) (   0,    0) (   0,    0) (   0,    0) (   0,    0) (   0,    0) (   0,    0) (   0,    0) (   0,    0) (   0,    0)
          (   0,    0) (   0,    0) (   0,    0) (   0,    0) (   0,    0) (   0,    0) (   0,    0) (   0,    0) (   0,    0) (   0,    0)
          (   0,    0) (   0,    0) (   0,    0) (   0,    0) (   0,    0) (   0,    0) (   0,    0) (   0,    0) (   0,    0) (   0,    0)
          (   0,    0) (   0,    0) (   0,    0) (   0,    0) (   0,    0) (   0,    0) (   0,    0) (   0,    0) (   0,    0) (   0,    0)
          (   0,    0) (   0,    0) (   0,    0) (   0,    0) (   0,    0) (   0,    0) (   0,    0) (   0,    0) (   0,    0) (   0,    0)
          (   0,    0) (   0,    0) (   0,    0) (   0,    0) (   0,    0) (   0,    0) (   0,    0) (   0,    0) (   0,    0) (   0,    0)
          (   0,    0) (   0,    0) (   0,    0) (   0,    0) (   0,    0) (   0,    0) (   0,    0) (   0,    0) (   0,    0) (   0,    0)
          (   0,    0) (   0,    0) (   0,    0) (   0,    0) (   0,    0) (   0,    0) (   0,    0) (   0,    0) (   0,    0) (   0,    0)
          (   0,    0) (   0,    0) (   0,    0) (   0,    0) (   0,    0) (   0,    0) (   0,    0) (   0,    0) (   0,    0) (   0,    0)
          (   0,    0) (   0,    0) (   0,    0) (   0,    0) (   0,    0) (   0,    0) (   0,    0) (   0,    0) (   0,    0) (   0,    0)
          (   0,    0) (   0,    0) (   0,    0) (   0,    0) (   0,    0) (   0,    0) (   0,    0) (   0,    0) (   0,    0) (   0,    0)
          (   0,    0) (   0,    0) (   0,    0) (   0,    0) (   0,    0) (   0,    0) (   0,    0) (   0,    0) (   0,    0) (   0,    0)
          (   0,    0) (   0,    0) (   0,    0) (   0,    0) (   0,    0) (   0,    0) (   0,    0) (   0,    0) (   0,    0) (   0,    0)
          (   0,    0) (   0,    0) (   0,    0) (   0,    0) (   0,    0) (   0,    0) (   0,    0) (   0,    0) (   0,    0) (   0,    0)
          (   0,    0) (   0,    0) (   0,    0) (   0,    0) (   0,    0) (   0,    0) (   0,    0) (   0,    0) (   0,    0) (   0,    0)
          (   0,    0) (   0,    0) (   0,    0) (   0,    0) (   0,    0) (   0,    0) (   0,    0) (   0,    0) (   0,    0) (   0,    0)
          (   0,    0) (   0,    0) (   0,    0) (   0,    0) (   0,    0) (   0,    0) (   0,    0) (   0,    0) (   0,    0) (   0,    0)
          (   0,    0) (   0,    0) (   0,    0) (   0,    0) (   0,    0) (   0,    0) (   0,    0) (   0,    0) (   0,    0) (   0,    0)
          (   0,    0) (   0,    0) (   0,    0) (   0,    0) (   0,    0) (   0,    0) (   0,    0) (   0,    0) (   0,    0) (   0,    0)
          (   0,    0) (   0,    0) (   0,    0) (   0,    0) (   0,    0) (   0,    0) (   0,    0) (   0,    0) (   0,    0) (   0,    0)
          (   0,    0) (   0,    0) (   0,    0) (   0,    0) (   0,    0) (   0,    0) (   0,    0) (   0,    0) (   0,    0) (   0,    0)
          (   0,    0) (   0,    0) (   0,    0) (   0,    0) (   0,    0) (   0,    0) (   0,    0) (   0,    0) (   0,    0) (   0,    0)
          (   0,    0) (   0,    0) (   0,    0) (   0,    0) (   0,    0) (   0,    0) (   0,    0) (   0,    0) (   0,    0) (   0,    0)
          (   0,    0) (   0,    0) (   0,    0) (   0,    0) (   0,    0) (   0,    0) (   0,    0) (   0,    0) (   0,    0) (   0,    0)
          (   0,    0) (   0,    0) (   0,    0) (   0,    0) (   0,    0) (   0,    0) (   0,    0) (   0,    0) (   0,    0) (   0,    0)
          (   0,    0) (   0,    0) (   0,    0) (   0,    0) (   0,    0) (   0,    0) (   0,    0) (   0,    0) (   0,    0) (   0,    0)
          (   0,    0) (   0,    0) (   0,    0) (   0,    0) (   0,    0) (   0,    0) (   0,    0) (   0,    0) (   0,    0) (   0,    0)
          (   0,    0) (   0,    0) (   0,    0) (   0,    0) (   0,    0) (   0,    0) (   0,    0) (   0,    0) (   0,    0) (   0,    0)
          (   0,    0) (   0,    0) (   0,    0) (   0,    0) (   0,    0) (   0,    0) (   0,    0) (   0,    0) (   0,    0) (   0,    0)
          (   0,    0) (   0,    0) (   0,    0) (   0,    0) (   0,    0) (   0,    0) (   0,    0) (   0,    0) (   0,    0) (   0,    0)
          (   0,    0) (   0,    0) (   0,    0) (   0,    0) (   0,    0) (   0,    0) (   0,    0) (   0,    0) (   0,    0) (   0,    0)
          (   0,    0) (   0,    0) (   0,    0) (   0,    0) (   0,    0) (   0,    0) (   0,    0) (   0,    0) (   0,    0) (   0,    0)
          (   0,    0) (   0,    0) (   0,    0) (   0,    0) (   0,    0) (   0,    0) (   0,    0) (   0,    0) (   0,    0) (   0,    0)
          (   0,    0) (   0,    0) (   0,    0) (   0,    0) (   0,    0) (   0,    0) (   0,    0) (   0,    0) (   0,    0) (   0,    0)
          (   0,    0) (   0,    0) (   0,    0) (   0,    0) (   0,    0) (   0,    0) (   0,    0) (   0,    0) (   0,    0) (   0,    0)
          (   0,    0) (   0,    0) (   0,    0) (   0,    0) (   0,    0) (   0,    0) (   0,    0) (   0,    0) (   0,    0) (   0,    0)
          (   0,    0) (   0,    0) (   0,    0) (   0,    0) (   0,    0) (   0,    0) (   0,    0) (   0,    0) (   0,    0) (   0,    0)
          (   0,    0) (   0,    0) (   0,    0) (   0,    0) (   0,    0) (   0,    0) (   0,    0) (   0,    0) (   0,    0) (   0,    0)
          (   0,    0) (   0,    0) (   0,    0) (   0,    0) (   0,    0) (   0,    0) (   0,    0) (   0,    0) (   0,    0) (   0,    0)
          (   0,    0) (   0,    0) (   0,    0) (   0,    0) (   0,    0) (   0,    0) (   0,    0) (   0,    0) (   0,    0) (   0,    0)
          (   0,    0) (   0,    0) (   0,    0) (   0,    0) (   0,    0) (   0,    0) (   0,    0) (   0,    0) (   0,    0) (   0,    0)
          (   0,    0) (   0,    0) (   0,    0) (   0,    0) (   0,    0) (   0,    0) (   0,    0) (   0,    0) (   0,    0) (   0,    0)
          (   0,    0) (   0,    0) (   0,    0) (   0,    0) (   0,    0) (   0,    0) (   0,    0) (   0,    0) (   0,    0) (   0,    0)
          (   0,    0) (   0,    0) (   0,    0) (   0,    0) (   0,    0) (   0,    0) (   0,    0) (   0,    0) (   0,    0) (   0,    0)
          (   0,    0) (   0,    0) (   0,    0) (   0,    0) (   0,    0) (   0,    0) (   0,    0) (   0,    0) (   0,    0) (   0,    0)
          (   0,    0) (   0,    0) (   0,    0) (   0,    0) (   0,    0) (   0,    0) (   0,    0) (   0,    0) (   0,    0) (   0,    0)
          (   0,    0) (   0,    0) (   0,    0) (   0,    0) (   0,    0) (   0,    0) (   0,    0) (   0,    0) (   0,    0) (   0,    0)
          (   0,    0) (   0,    0) (   0,    0) (   0,    0) (   0,    0) (   0,    0) (   0,    0) (   0,    0) (   0,    0) (   0,    0)
          (   0,    0) (   0,    0) (   0,    0) (   0,    0) (   0,    0) (   0,    0) (   0,    0) (   0,    0) (   0,    0) (   0,    0)
          (   0,    0) (   0,    0) (   0,    0) (   0,    0) (   0,    0) (   0,    0) (   0,    0) (   0,    0) (   0,    0) (   0,    0)
          (   0,    0) (   0,    0) (   0,    0) (   0,    0) (   0,    0) (   0,    0) (   0,    0) (   0,    0) (   0,    0) (   0,    0)
          (   0,    0) (   0,    0) (   0,    0) (   0,    0) (   0,    0) (   0,    0) (   0,    0) (   0,    0) (   0,    0) (   0,    0)
          (   0,    0) (   0,    0) (   0,    0) (   0,    0) (   0,    0) (   0,    0) (   0,    0) (   0,    0) (   0,    0) (   0,    0)
         
node   6 sent_total     84  recv_total     84

node   7  (   0,    0) (   0,    0) (   0,    0) (   0,    0) (   0,    0) (   0,    0) (   0,    0) (   0,    0) (   0,    0) (   0,    0)
          (   0,    0) (   0,    0) (   0,    0) (   0,    0) (   0,    0) (   0,    0) (   0,    0) (   0,    0) (   0,    0) (   0,    0)
          (   0,    0) (   0,    0) (   0,    0) (   0,    0) (   0,    0) (   0,    0) (   0,    0) (   0,    0) (   0,    0) (   0,    0)
          (   0,    0) (   0,    0) (   0,    0) (   0,    0) (   0,    0) (   0,    0) (   0,    0) (   0,    0) (   0,    0) (   0,    0)
          (   0,    0) (   0,    0) (   0,    0) (   0,    0) (   0,    0) (   0,    0) (   0,    0) (   0,    0) (   0,    0) (   0,    0)
          (   0,    0) (   0,    0) (   0,    0) (   0,    0) (   0,    0) (   0,    0) (   0,    0) (   0,    0) (   0,    0) (   0,    0)
          (   0,    0) (   0,    0) (   0,    0) (   0,    0) (   0,    0) (   0,    0) (   0,    0) (   0,    0) (   0,    0) (   0,    0)
          (   0,    0) (   0,    0) (   0,    0) (   0,    0) (   0,    0) (   0,    0) (   0,    0) (   0,    0) (   0,    0) (   0,    0)
          (   0,    0) (   0,    0) (   0,    0) (   0,    0) (   0,    0) (   0,    0) (   0,    0) (   0,    0) (   0,    0) (   0,    0)
          (   0,    0) (   0,    0) (   0,    0) (   0,    0) (   0,    0) (   0,    0) (   0,    0) (   0,    0) (   0,    0) (   0,    0)
          (  24,    0) (  31,   31) (   0,   24) (   0,    0) (   0,    0) (   0,    0) (   0,    0) (   0,    0) (   0,    0) (   0,    0)
          (   0,    0) (   0,    0) (   0,    0) (   0,    0) (   0,    0) (   0,    0) (   0,    0) (   0,    0) (   0,    0) (   0,    0)
          (   0,    0) (   0,    0) (   0,    0) (   0,    0) (   0,    0) (   0,    0) (   0,    0) (   0,    0) (   0,    0) (   0,    0)
          (   0,    0) (   0,    0) (   0,    0) (   0,    0) (   0,    0) (   0,    0) (   0,    0) (   0,    0) (   0,    0) (   0,    0)
          (   0,    0) (   0,    0) (   0,    0) (   0,    0) (   0,    0) (   0,    0) (   0,    0) (   0,    0) (   0,    0) (   0,    0)
          (  24,    0) (  19,   19) (   0,   24) (   0,    0) (   0,    0) (   0,    0) (   0,    0) (   0,    0) (   0,    0) (   0,    0)
          (   0,    0) (   0,    0) (   0,    0) (   0,    0) (   0,    0) (   0,    0) (   0,    0) (   0,    0) (   0,    0) (   0,    0)
          (   0,    0) (   0,    0) (   0,    0) (   0,    0) (   0,    0) (   0,    0) (   0,    0) (   0,    0) (   0,    0) (   0,    0)
          (   0,    0) (   0,    0) (   0,    0) (   0,    0) (   0,    0) (   0,    0) (   0,    0) (   0,    0) (   0,    0) (   0,    0)
          (   0,    0) (   0,    0) (   0,    0) (   0,    0) (   0,    0) (   0,    0) (   0,    0) (   0,    0) (   0,    0) (   0,    0)
          (   0,    0) (   0,    0) (   0,    0) (   0,    0) (   0,    0) (   0,    0) (   0,    0) (   0,    0) (   0,    0) (   0,    0)
          (   0,    0) (   0,    0) (   0,    0) (   0,    0) (   0,    0) (   0,    0) (   0,    0) (   0,    0) (   0,    0) (   0,    0)
          (   0,    0) (   0,    0) (   0,    0) (   0,    0) (   0,    0) (   0,    0) (   0,    0) (   0,    0) (   0,    0) (   0,    0)
          (   0,    0) (   0,    0) (   0,    0) (   0,    0) (   0,    0) (   0,    0) (   0,    0) (   0,    0) (   0,    0) (   0,    0)
          (   0,    0) (   0,    0) (   0,    0) (   0,    0) (   0,    0) (   0,    0) (   0,    0) (   0,    0) (   0,    0) (   0,    0)
          (   0,    0) (   0,    0) (   0,    0) (   0,    0) (   0,    0) (   0,    0) (   0,    0) (   0,    0) (   0,    0) (   0,    0)
          (   0,    0) (   0,    0) (   0,    0) (   0,    0) (   0,    0) (   0,    0) (   0,    0) (   0,    0) (   0,    0) (   0,    0)
          (   0,    0) (   0,    0) (   0,    0) (   0,    0) (   0,    0) (   0,    0) (   0,    0) (   0,    0) (   0,    0) (   0,    0)
          (   0,    0) (   0,    0) (   0,    0) (   0,    0) (   0,    0) (   0,    0) (   0,    0) (   0,    0) (   0,    0) (   0,    0)
          (   0,    0) (   0,    0) (   0,    0) (   0,    0) (   0,    0) (   0,    0) (   0,    0) (   0,    0) (   0,    0) (   0,    0)
          (   0,    0) (   0,    0) (   0,    0) (   0,    0) (   0,    0) (   0,    0) (   0,    0) (   0,    0) (   0,    0) (   0,    0)
          (   0,    0) (   0,    0) (   0,    0) (   0,    0) (   0,    0) (   0,    0) (   0,    0) (   0,    0) (   0,    0) (   0,    0)
          (   0,    0) (   0,    0) (   0,    0) (   0,    0) (   0,    0) (   0,    0) (   0,    0) (   0,    0) (   0,    0) (   0,    0)
          (   0,    0) (   0,    0) (   0,    0) (   0,    0) (   0,    0) (   0,    0) (   0,    0) (   0,    0) (   0,    0) (   0,    0)
          (   0,    0) (   0,    0) (   0,    0) (   0,    0) (   0,    0) (   0,    0) (   0,    0) (   0,    0) (   0,    0) (   0,    0)
          (   0,    0) (   0,    0) (   0,    0) (   0,    0) (   0,    0) (   0,    0) (   0,    0) (   0,    0) (   0,    0) (   0,    0)
          (   0,    0) (   0,    0) (   0,    0) (   0,    0) (   0,    0) (   0,    0) (   0,    0) (   0,    0) (   0,    0) (   0,    0)
          (   0,    0) (   0,    0) (   0,    0) (   0,    0) (   0,    0) (   0,    0) (   0,    0) (   0,    0) (   0,    0) (   0,    0)
          (   0,    0) (   0,    0) (   0,    0) (   0,    0) (   0,    0) (   0,    0) (   0,    0) (   0,    0) (   0,    0) (   0,    0)
          (   0,    0) (   0,    0) (   0,    0) (   0,    0) (   0,    0) (   0,    0) (   0,    0) (   0,    0) (   0,    0) (   0,    0)
          (   0,    0) (   0,    0) (   0,    0) (   0,    0) (   0,    0) (   0,    0) (   0,    0) (   0,    0) (   0,    0) (   0,    0)
          (   0,    0) (   0,    0) (   0,    0) (   0,    0) (   0,    0) (   0,    0) (   0,    0) (   0,    0) (   0,    0) (   0,    0)
          (   0,    0) (   0,    0) (   0,    0) (   0,    0) (   0,    0) (   0,    0) (   0,    0) (   0,    0) (   0,    0) (   0,    0)
          (   0,    0) (   0,    0) (   0,    0) (   0,    0) (   0,    0) (   0,    0) (   0,    0) (   0,    0) (   0,    0) (   0,    0)
          (   0,    0) (   0,    0) (   0,    0) (   0,    0) (   0,    0) (   0,    0) (   0,    0) (   0,    0) (   0,    0) (   0,    0)
          (   0,    0) (   0,    0) (   0,    0) (   0,    0) (   0,    0) (   0,    0) (   0,    0) (   0,    0) (   0,    0) (   0,    0)
          (   0,    0) (   0,    0) (   0,    0) (   0,    0) (   0,    0) (   0,    0) (   0,    0) (   0,    0) (   0,    0) (   0,    0)
          (   0,    0) (   0,    0) (   0,    0) (   0,    0) (   0,    0) (   0,    0) (   0,    0) (   0,    0) (   0,    0) (   0,    0)
          (   0,    0) (   0,    0) (   0,    0) (   0,    0) (   0,    0) (   0,    0) (   0,    0) (   0,    0) (   0,    0) (   0,    0)
          (   0,    0) (   0,    0) (   0,    0) (   0,    0) (   0,    0) (   0,    0) (   0,    0) (   0,    0) (   0,    0) (   0,    0)
          (   0,    0) (   0,    0) (   0,    0) (   0,    0) (   0,    0) (   0,    0) (   0,    0) (   0,    0) (   0,    0) (   0,    0)
          (   0,    0) (   0,    0) (   0,    0) (   0,    0) (   0,    0) (   0,    0) (   0,    0) (   0,    0) (   0,    0) (   0,    0)
          (   0,    0) (   0,    0) (   0,    0) (   0,    0) (   0,    0) (   0,    0) (   0,    0) (   0,    0) (   0,    0) (   0,    0)
          (   0,    0) (   0,    0) (   0,    0) (   0,    0) (   0,    0) (   0,    0) (   0,    0) (   0,    0) (   0,    0) (   0,    0)
          (   0,    0) (   0,    0) (   0,    0) (   0,    0) (   0,    0) (   0,    0) (   0,    0) (   0,    0) (   0,    0) (   0,    0)
          (   0,    0) (   0,    0) (   0,    0) (   0,    0) (   0,    0) (   0,    0) (   0,    0) (   0,    0) (   0,    0) (   0,    0)
          (   0,    0) (   0,    0) (   0,    0) (   0,    0) (   0,    0) (   0,    0) (   0,    0) (   0,    0) (   0,    0) (   0,    0)
          (   0,    0) (   0,    0) (   0,    0) (   0,    0) (   0,    0) (   0,    0) (   0,    0) (   0,    0) (   0,    0) (   0,    0)
          (   0,    0) (   0,    0) (   0,    0) (   0,    0) (   0,    0) (   0,    0) (   0,    0) (   0,    0) (   0,    0) (   0,    0)
          (   0,    0) (   0,    0) (   0,    0) (   0,    0) (   0,    0) (   0,    0) (   0,    0) (   0,    0) (   0,    0) (   0,    0)
          (   0,    0) (   0,    0) (   0,    0) (   0,    0) (   0,    0) (   0,    0) (   0,    0) (   0,    0) (   0,    0) (   0,    0)
          (   0,    0) (   0,    0) (   0,    0) (   0,    0) (   0,    0) (   0,    0) (   0,    0) (   0,    0) (   0,    0) (   0,    0)
          (   0,    0) (   0,    0) (   0,    0) (   0,    0) (   0,    0) (   0,    0) (   0,    0) (   0,    0) (   0,    0) (   0,    0)
          (   0,    0) (   0,    0) (   0,    0) (   0,    0) (   0,    0) (   0,    0) (   0,    0) (   0,    0) (   0,    0) (   0,    0)
          (   0,    0) (   0,    0) (   0,    0) (   0,    0) (   0,    0) (   0,    0) (   0,    0) (   0,    0) (   0,    0) (   0,    0)
          (   0,    0) (   0,    0) (   0,    0) (   0,    0) (   0,    0) (   0,    0) (   0,    0) (   0,    0) (   0,    0) (   0,    0)
          (   0,    0) (   0,    0) (   0,    0) (   0,    0) (   0,    0) (   0,    0) (   0,    0) (   0,    0) (   0,    0) (   0,    0)
          (   0,    0) (   0,    0) (   0,    0) (   0,    0) (   0,    0) (   0,    0) (   0,    0) (   0,    0) (   0,    0) (   0,    0)
          (   0,    0) (   0,    0) (   0,    0) (   0,    0) (   0,    0) (   0,    0) (   0,    0) (   0,    0) (   0,    0) (   0,    0)
          (   0,    0) (   0,    0) (   0,    0) (   0,    0) (   0,    0) (   0,    0) (   0,    0) (   0,    0) (   0,    0) (   0,    0)
         
node   7 sent_total     98  recv_total     98

node   8  (   0,    0) (   0,    0) (   0,    0) (   0,    0) (   0,    0) (   0,    0) (   0,    0) (   0,    0) (   0,    0) (   0,    0)
          (   0,    0) (   0,    0) (   0,    0) (   0,    0) (   0,    0) (   0,    0) (   0,    0) (   0,    0) (   0,    0) (   0,    0)
          (   0,    0) (   0,    0) (   0,    0) (   0,    0) (   0,    0) (   0,    0) (   0,    0) (   0,    0) (   0,    0) (   0,    0)
          (   0,    0) (   0,    0) (   0,    0) (   0,    0) (   0,    0) (   0,    0) (   0,    0) (   0,    0) (   0,    0) (   0,    0)
          (   0,    0) (   0,    0) (   0,    0) (   0,    0) (   0,    0) (   0,    0) (   0,    0) (   0,    0) (   0,    0) (   0,    0)
          (   0,    0) (   0,    0) (   0,    0) (   0,    0) (   0,    0) (   0,    0) (   0,    0) (   0,    0) (   0,    0) (   0,    0)
          (   0,    0) (   0,    0) (   0,    0) (   0,    0) (   0,    0) (   0,    0) (   0,    0) (   0,    0) (   0,    0) (   0,    0)
          (   0,    0) (   0,    0) (   0,    0) (   0,    0) (   0,    0) (   0,    0) (   0,    0) (   0,    0) (   0,    0) (   0,    0)
          (   0,    0) (   0,    0) (   0,    0) (   0,    0) (   0,    0) (   0,    0) (   0,    0) (   0,    0) (   0,    0) (   0,    0)
          (   0,    0) (   0,    0) (   0,    0) (   0,    0) (   0,    0) (   0,    0) (   0,    0) (   0,    0) (   0,    0) (   0,    0)
          (  39,    0) (  37,   37) (   0,   39) (   0,    0) (   0,    0) (   0,    0) (   0,    0) (   0,    0) (   0,    0) (   0,    0)
          (   0,    0) (   0,    0) (   0,    0) (   0,    0) (   0,    0) (   0,    0) (   0,    0) (   0,    0) (   0,    0) (   0,    0)
          (   0,    0) (   0,    0) (   0,    0) (   0,    0) (   0,    0) (   0,    0) (   0,    0) (   0,    0) (   0,    0) (   0,    0)
          (   0,    0) (   0,    0) (   0,    0) (   0,    0) (   0,    0) (   0,    0) (   0,    0) (   0,    0) (   0,    0) (   0,    0)
          (   0,    0) (   0,    0) (   0,    0) (   0,    0) (   0,    0) (   0,    0) (   0,    0) (   0,    0) (   0,    0) (   0,    0)
          (   3,    0) (  19,   19) (   0,    3) (   0,    0) (   0,    0) (   0,    0) (   0,    0) (   0,    0) (   0,    0) (   0,    0)
          (   0,    0) (   0,    0) (   0,    0) (   0,    0) (   0,    0) (   0,    0) (   0,    0) (   0,    0) (   0,    0) (   0,    0)
          (   0,    0) (   0,    0) (   0,    0) (   0,    0) (   0,    0) (   0,    0) (   0,    0) (   0,    0) (   0,    0) (   0,    0)
          (   0,    0) (   0,    0) (   0,    0) (   0,    0) (   0,    0) (   0,    0) (   0,    0) (   0,    0) (   0,    0) (   0,    0)
          (   0,    0) (   0,    0) (   0,    0) (   0,    0) (   0,    0) (   0,    0) (   0,    0) (   0,    0) (   0,    0) (   0,    0)
          (   0,    0) (   0,    0) (   0,    0) (   0,    0) (   0,    0) (   0,    0) (   0,    0) (   0,    0) (   0,    0) (   0,    0)
          (   0,    0) (   0,    0) (   0,    0) (   0,    0) (   0,    0) (   0,    0) (   0,    0) (   0,    0) (   0,    0) (   0,    0)
          (   0,    0) (   0,    0) (   0,    0) (   0,    0) (   0,    0) (   0,    0) (   0,    0) (   0,    0) (   0,    0) (   0,    0)
          (   0,    0) (   0,    0) (   0,    0) (   0,    0) (   0,    0) (   0,    0) (   0,    0) (   0,    0) (   0,    0) (   0,    0)
          (   0,    0) (   0,    0) (   0,    0) (   0,    0) (   0,    0) (   0,    0) (   0,    0) (   0,    0) (   0,    0) (   0,    0)
          (   0,    0) (   0,    0) (   0,    0) (   0,    0) (   0,    0) (   0,    0) (   0,    0) (   0,    0) (   0,    0) (   0,    0)
          (   0,    0) (   0,    0) (   0,    0) (   0,    0) (   0,    0) (   0,    0) (   0,    0) (   0,    0) (   0,    0) (   0,    0)
          (   0,    0) (   0,    0) (   0,    0) (   0,    0) (   0,    0) (   0,    0) (   0,    0) (   0,    0) (   0,    0) (   0,    0)
          (   0,    0) (   0,    0) (   0,    0) (   0,    0) (   0,    0) (   0,    0) (   0,    0) (   0,    0) (   0,    0) (   0,    0)
          (   0,    0) (   0,    0) (   0,    0) (   0,    0) (   0,    0) (   0,    0) (   0,    0) (   0,    0) (   0,    0) (   0,    0)
          (   0,    0) (   0,    0) (   0,    0) (   0,    0) (   0,    0) (   0,    0) (   0,    0) (   0,    0) (   0,    0) (   0,    0)
          (   0,    0) (   0,    0) (   0,    0) (   0,    0) (   0,    0) (   0,    0) (   0,    0) (   0,    0) (   0,    0) (   0,    0)
          (   0,    0) (   0,    0) (   0,    0) (   0,    0) (   0,    0) (   0,    0) (   0,    0) (   0,    0) (   0,    0) (   0,    0)
          (   0,    0) (   0,    0) (   0,    0) (   0,    0) (   0,    0) (   0,    0) (   0,    0) (   0,    0) (   0,    0) (   0,    0)
          (   0,    0) (   0,    0) (   0,    0) (   0,    0) (   0,    0) (   0,    0) (   0,    0) (   0,    0) (   0,    0) (   0,    0)
          (   0,    0) (   0,    0) (   0,    0) (   0,    0) (   0,    0) (   0,    0) (   0,    0) (   0,    0) (   0,    0) (   0,    0)
          (   0,    0) (   0,    0) (   0,    0) (   0,    0) (   0,    0) (   0,    0) (   0,    0) (   0,    0) (   0,    0) (   0,    0)
          (   0,    0) (   0,    0) (   0,    0) (   0,    0) (   0,    0) (   0,    0) (   0,    0) (   0,    0) (   0,    0) (   0,    0)
          (   0,    0) (   0,    0) (   0,    0) (   0,    0) (   0,    0) (   0,    0) (   0,    0) (   0,    0) (   0,    0) (   0,    0)
          (   0,    0) (   0,    0) (   0,    0) (   0,    0) (   0,    0) (   0,    0) (   0,    0) (   0,    0) (   0,    0) (   0,    0)
          (   0,    0) (   0,    0) (   0,    0) (   0,    0) (   0,    0) (   0,    0) (   0,    0) (   0,    0) (   0,    0) (   0,    0)
          (   0,    0) (   0,    0) (   0,    0) (   0,    0) (   0,    0) (   0,    0) (   0,    0) (   0,    0) (   0,    0) (   0,    0)
          (   0,    0) (   0,    0) (   0,    0) (   0,    0) (   0,    0) (   0,    0) (   0,    0) (   0,    0) (   0,    0) (   0,    0)
          (   0,    0) (   0,    0) (   0,    0) (   0,    0) (   0,    0) (   0,    0) (   0,    0) (   0,    0) (   0,    0) (   0,    0)
          (   0,    0) (   0,    0) (   0,    0) (   0,    0) (   0,    0) (   0,    0) (   0,    0) (   0,    0) (   0,    0) (   0,    0)
          (   0,    0) (   0,    0) (   0,    0) (   0,    0) (   0,    0) (   0,    0) (   0,    0) (   0,    0) (   0,    0) (   0,    0)
          (   0,    0) (   0,    0) (   0,    0) (   0,    0) (   0,    0) (   0,    0) (   0,    0) (   0,    0) (   0,    0) (   0,    0)
          (   0,    0) (   0,    0) (   0,    0) (   0,    0) (   0,    0) (   0,    0) (   0,    0) (   0,    0) (   0,    0) (   0,    0)
          (   0,    0) (   0,    0) (   0,    0) (   0,    0) (   0,    0) (   0,    0) (   0,    0) (   0,    0) (   0,    0) (   0,    0)
          (   0,    0) (   0,    0) (   0,    0) (   0,    0) (   0,    0) (   0,    0) (   0,    0) (   0,    0) (   0,    0) (   0,    0)
          (   0,    0) (   0,    0) (   0,    0) (   0,    0) (   0,    0) (   0,    0) (   0,    0) (   0,    0) (   0,    0) (   0,    0)
          (   0,    0) (   0,    0) (   0,    0) (   0,    0) (   0,    0) (   0,    0) (   0,    0) (   0,    0) (   0,    0) (   0,    0)
          (   0,    0) (   0,    0) (   0,    0) (   0,    0) (   0,    0) (   0,    0) (   0,    0) (   0,    0) (   0,    0) (   0,    0)
          (   0,    0) (   0,    0) (   0,    0) (   0,    0) (   0,    0) (   0,    0) (   0,    0) (   0,    0) (   0,    0) (   0,    0)
          (   0,    0) (   0,    0) (   0,    0) (   0,    0) (   0,    0) (   0,    0) (   0,    0) (   0,    0) (   0,    0) (   0,    0)
          (   0,    0) (   0,    0) (   0,    0) (   0,    0) (   0,    0) (   0,    0) (   0,    0) (   0,    0) (   0,    0) (   0,    0)
          (   0,    0) (   0,    0) (   0,    0) (   0,    0) (   0,    0) (   0,    0) (   0,    0) (   0,    0) (   0,    0) (   0,    0)
          (   0,    0) (   0,    0) (   0,    0) (   0,    0) (   0,    0) (   0,    0) (   0,    0) (   0,    0) (   0,    0) (   0,    0)
          (   0,    0) (   0,    0) (   0,    0) (   0,    0) (   0,    0) (   0,    0) (   0,    0) (   0,    0) (   0,    0) (   0,    0)
          (   0,    0) (   0,    0) (   0,    0) (   0,    0) (   0,    0) (   0,    0) (   0,    0) (   0,    0) (   0,    0) (   0,    0)
          (   0,    0) (   0,    0) (   0,    0) (   0,    0) (   0,    0) (   0,    0) (   0,    0) (   0,    0) (   0,    0) (   0,    0)
          (   0,    0) (   0,    0) (   0,    0) (   0,    0) (   0,    0) (   0,    0) (   0,    0) (   0,    0) (   0,    0) (   0,    0)
          (   0,    0) (   0,    0) (   0,    0) (   0,    0) (   0,    0) (   0,    0) (   0,    0) (   0,    0) (   0,    0) (   0,    0)
          (   0,    0) (   0,    0) (   0,    0) (   0,    0) (   0,    0) (   0,    0) (   0,    0) (   0,    0) (   0,    0) (   0,    0)
          (   0,    0) (   0,    0) (   0,    0) (   0,    0) (   0,    0) (   0,    0) (   0,    0) (   0,    0) (   0,    0) (   0,    0)
          (   0,    0) (   0,    0) (   0,    0) (   0,    0) (   0,    0) (   0,    0) (   0,    0) (   0,    0) (   0,    0) (   0,    0)
          (   0,    0) (   0,    0) (   0,    0) (   0,    0) (   0,    0) (   0,    0) (   0,    0) (   0,    0) (   0,    0) (   0,    0)
          (   0,    0) (   0,    0) (   0,    0) (   0,    0) (   0,    0) (   0,    0) (   0,    0) (   0,    0) (   0,    0) (   0,    0)
          (   0,    0) (   0,    0) (   0,    0) (   0,    0) (   0,    0) (   0,    0) (   0,    0) (   0,    0) (   0,    0) (   0,    0)
          (   0,    0) (   0,    0) (   0,    0) (   0,    0) (   0,    0) (   0,    0) (   0,    0) (   0,    0) (   0,    0) (   0,    0)
         
node   8 sent_total     98  recv_total     98

node   9  (   0,    0) (   0,    0) (   0,    0) (   0,    0) (   0,    0) (   0,    0) (   0,    0) (   0,    0) (   0,    0) (   0,    0)
          (   0,    0) (   0,    0) (   0,    0) (   0,    0) (   0,    0) (   0,    0) (   0,    0) (   0,    0) (   0,    0) (   0,    0)
          (   0,    0) (   0,    0) (   0,    0) (   0,    0) (   0,    0) (   0,    0) (   0,    0) (   0,    0) (   0,    0) (   0,    0)
          (   0,    0) (   0,    0) (   0,    0) (   0,    0) (   0,    0) (   0,    0) (   0,    0) (   0,    0) (   0,    0) (   0,    0)
          (   0,    0) (   0,    0) (   0,    0) (   0,    0) (   0,    0) (   0,    0) (   0,    0) (   0,    0) (   0,    0) (   0,    0)
          (   0,    0) (   0,    0) (   0,    0) (   0,    0) (   0,    0) (   0,    0) (   0,    0) (   0,    0) (   0,    0) (   0,    0)
          (   0,    0) (   0,    0) (   0,    0) (   0,    0) (   0,    0) (   0,    0) (   0,    0) (   0,    0) (   0,    0) (   0,    0)
          (   0,    0) (   0,    0) (   0,    0) (   0,    0) (   0,    0) (   0,    0) (   0,    0) (   0,    0) (   0,    0) (   0,    0)
          (   0,    0) (   0,    0) (   0,    0) (   0,    0) (   0,    0) (   0,    0) (   0,    0) (   0,    0) (   0,    0) (   0,    0)
          (   0,    0) (   0,    0) (   0,    0) (   0,    0) (   0,    0) (   0,    0) (   0,    0) (   0,    0) (   0,    0) (   0,    0)
          (  33,    0) (  41,   41) (   0,   33) (   0,    0) (   0,    0) (   0,    0) (   0,    0) (   0,    0) (   0,    0) (   0,    0)
          (   0,    0) (   0,    0) (   0,    0) (   0,    0) (   0,    0) (   0,    0) (   0,    0) (   0,    0) (   0,    0) (   0,    0)
          (   0,    0) (   0,    0) (   0,    0) (   0,    0) (   0,    0) (   0,    0) (   0,    0) (   0,    0) (   0,    0) (   0,    0)
          (   0,    0) (   0,    0) (   0,    0) (   0,    0) (   0,    0) (   0,    0) (   0,    0) (   0,    0) (   0,    0) (   0,    0)
          (   0,    0) (   0,    0) (   0,    0) (   0,    0) (   0,    0) (   0,    0) (   0,    0) (   0,    0) (   0,    0) (   0,    0)
          (  15,    0) (  20,   20) (   0,   15) (   0,    0) (   0,    0) (   0,    0) (   0,    0) (   0,    0) (   0,    0) (   0,    0)
          (   0,    0) (   0,    0) (   0,    0) (   0,    0) (   0,    0) (   0,    0) (   0,    0) (   0,    0) (   0,    0) (   0,    0)
          (   0,    0) (   0,    0) (   0,    0) (   0,    0) (   0,    0) (   0,    0) (   0,    0) (   0,    0) (   0,    0) (   0,    0)
          (   0,    0) (   0,    0) (   0,    0) (   0,    0) (   0,    0) (   0,    0) (   0,    0) (   0,    0) (   0,    0) (   0,    0)
          (   0,    0) (   0,    0) (   0,    0) (   0,    0) (   0,    0) (   0,    0) (   0,    0) (   0,    0) (   0,    0) (   0,    0)
          (   0,    0) (   0,    0) (   0,    0) (   0,    0) (   0,    0) (   0,    0) (   0,    0) (   0,    0) (   0,    0) (   0,    0)
          (   0,    0) (   0,    0) (   0,    0) (   0,    0) (   0,    0) (   0,    0) (   0,    0) (   0,    0) (   0,    0) (   0,    0)
          (   0,    0) (   0,    0) (   0,    0) (   0,    0) (   0,    0) (   0,    0) (   0,    0) (   0,    0) (   0,    0) (   0,    0)
          (   0,    0) (   0,    0) (   0,    0) (   0,    0) (   0,    0) (   0,    0) (   0,    0) (   0,    0) (   0,    0) (   0,    0)
          (   0,    0) (   0,    0) (   0,    0) (   0,    0) (   0,    0) (   0,    0) (   0,    0) (   0,    0) (   0,    0) (   0,    0)
          (   0,    0) (   0,    0) (   0,    0) (   0,    0) (   0,    0) (   0,    0) (   0,    0) (   0,    0) (   0,    0) (   0,    0)
          (   0,    0) (   0,    0) (   0,    0) (   0,    0) (   0,    0) (   0,    0) (   0,    0) (   0,    0) (   0,    0) (   0,    0)
          (   0,    0) (   0,    0) (   0,    0) (   0,    0) (   0,    0) (   0,    0) (   0,    0) (   0,    0) (   0,    0) (   0,    0)
          (   0,    0) (   0,    0) (   0,    0) (   0,    0) (   0,    0) (   0,    0) (   0,    0) (   0,    0) (   0,    0) (   0,    0)
          (   0,    0) (   0,    0) (   0,    0) (   0,    0) (   0,    0) (   0,    0) (   0,    0) (   0,    0) (   0,    0) (   0,    0)
          (   0,    0) (   0,    0) (   0,    0) (   0,    0) (   0,    0) (   0,    0) (   0,    0) (   0,    0) (   0,    0) (   0,    0)
          (   0,    0) (   0,    0) (   0,    0) (   0,    0) (   0,    0) (   0,    0) (   0,    0) (   0,    0) (   0,    0) (   0,    0)
          (   0,    0) (   0,    0) (   0,    0) (   0,    0) (   0,    0) (   0,    0) (   0,    0) (   0,    0) (   0,    0) (   0,    0)
          (   0,    0) (   0,    0) (   0,    0) (   0,    0) (   0,    0) (   0,    0) (   0,    0) (   0,    0) (   0,    0) (   0,    0)
          (   0,    0) (   0,    0) (   0,    0) (   0,    0) (   0,    0) (   0,    0) (   0,    0) (   0,    0) (   0,    0) (   0,    0)
          (   0,    0) (   0,    0) (   0,    0) (   0,    0) (   0,    0) (   0,    0) (   0,    0) (   0,    0) (   0,    0) (   0,    0)
          (   0,    0) (   0,    0) (   0,    0) (   0,    0) (   0,    0) (   0,    0) (   0,    0) (   0,    0) (   0,    0) (   0,    0)
          (   0,    0) (   0,    0) (   0,    0) (   0,    0) (   0,    0) (   0,    0) (   0,    0) (   0,    0) (   0,    0) (   0,    0)
          (   0,    0) (   0,    0) (   0,    0) (   0,    0) (   0,    0) (   0,    0) (   0,    0) (   0,    0) (   0,    0) (   0,    0)
          (   0,    0) (   0,    0) (   0,    0) (   0,    0) (   0,    0) (   0,    0) (   0,    0) (   0,    0) (   0,    0) (   0,    0)
          (   0,    0) (   0,    0) (   0,    0) (   0,    0) (   0,    0) (   0,    0) (   0,    0) (   0,    0) (   0,    0) (   0,    0)
          (   0,    0) (   0,    0) (   0,    0) (   0,    0) (   0,    0) (   0,    0) (   0,    0) (   0,    0) (   0,    0) (   0,    0)
          (   0,    0) (   0,    0) (   0,    0) (   0,    0) (   0,    0) (   0,    0) (   0,    0) (   0,    0) (   0,    0) (   0,    0)
          (   0,    0) (   0,    0) (   0,    0) (   0,    0) (   0,    0) (   0,    0) (   0,    0) (   0,    0) (   0,    0) (   0,    0)
          (   0,    0) (   0,    0) (   0,    0) (   0,    0) (   0,    0) (   0,    0) (   0,    0) (   0,    0) (   0,    0) (   0,    0)
          (   0,    0) (   0,    0) (   0,    0) (   0,    0) (   0,    0) (   0,    0) (   0,    0) (   0,    0) (   0,    0) (   0,    0)
          (   0,    0) (   0,    0) (   0,    0) (   0,    0) (   0,    0) (   0,    0) (   0,    0) (   0,    0) (   0,    0) (   0,    0)
          (   0,    0) (   0,    0) (   0,    0) (   0,    0) (   0,    0) (   0,    0) (   0,    0) (   0,    0) (   0,    0) (   0,    0)
          (   0,    0) (   0,    0) (   0,    0) (   0,    0) (   0,    0) (   0,    0) (   0,    0) (   0,    0) (   0,    0) (   0,    0)
          (   0,    0) (   0,    0) (   0,    0) (   0,    0) (   0,    0) (   0,    0) (   0,    0) (   0,    0) (   0,    0) (   0,    0)
          (   0,    0) (   0,    0) (   0,    0) (   0,    0) (   0,    0) (   0,    0) (   0,    0) (   0,    0) (   0,    0) (   0,    0)
          (   0,    0) (   0,    0) (   0,    0) (   0,    0) (   0,    0) (   0,    0) (   0,    0) (   0,    0) (   0,    0) (   0,    0)
          (   0,    0) (   0,    0) (   0,    0) (   0,    0) (   0,    0) (   0,    0) (   0,    0) (   0,    0) (   0,    0) (   0,    0)
          (   0,    0) (   0,    0) (   0,    0) (   0,    0) (   0,    0) (   0,    0) (   0,    0) (   0,    0) (   0,    0) (   0,    0)
          (   0,    0) (   0,    0) (   0,    0) (   0,    0) (   0,    0) (   0,    0) (   0,    0) (   0,    0) (   0,    0) (   0,    0)
          (   0,    0) (   0,    0) (   0,    0) (   0,    0) (   0,    0) (   0,    0) (   0,    0) (   0,    0) (   0,    0) (   0,    0)
          (   0,    0) (   0,    0) (   0,    0) (   0,    0) (   0,    0) (   0,    0) (   0,    0) (   0,    0) (   0,    0) (   0,    0)
          (   0,    0) (   0,    0) (   0,    0) (   0,    0) (   0,    0) (   0,    0) (   0,    0) (   0,    0) (   0,    0) (   0,    0)
          (   0,    0) (   0,    0) (   0,    0) (   0,    0) (   0,    0) (   0,    0) (   0,    0) (   0,    0) (   0,    0) (   0,    0)
          (   0,    0) (   0,    0) (   0,    0) (   0,    0) (   0,    0) (   0,    0) (   0,    0) (   0,    0) (   0,    0) (   0,    0)
          (   0,    0) (   0,    0) (   0,    0) (   0,    0) (   0,    0) (   0,    0) (   0,    0) (   0,    0) (   0,    0) (   0,    0)
          (   0,    0) (   0,    0) (   0,    0) (   0,    0) (   0,    0) (   0,    0) (   0,    0) (   0,    0) (   0,    0) (   0,    0)
          (   0,    0) (   0,    0) (   0,    0) (   0,    0) (   0,    0) (   0,    0) (   0,    0) (   0,    0) (   0,    0) (   0,    0)
          (   0,    0) (   0,    0) (   0,    0) (   0,    0) (   0,    0) (   0,    0) (   0,    0) (   0,    0) (   0,    0) (   0,    0)
          (   0,    0) (   0,    0) (   0,    0) (   0,    0) (   0,    0) (   0,    0) (   0,    0) (   0,    0) (   0,    0) (   0,    0)
          (   0,    0) (   0,    0) (   0,    0) (   0,    0) (   0,    0) (   0,    0) (   0,    0) (   0,    0) (   0,    0) (   0,    0)
          (   0,    0) (   0,    0) (   0,    0) (   0,    0) (   0,    0) (   0,    0) (   0,    0) (   0,    0) (   0,    0) (   0,    0)
          (   0,    0) (   0,    0) (   0,    0) (   0,    0) (   0,    0) (   0,    0) (   0,    0) (   0,    0) (   0,    0) (   0,    0)
          (   0,    0) (   0,    0) (   0,    0) (   0,    0) (   0,    0) (   0,    0) (   0,    0) (   0,    0) (   0,    0) (   0,    0)
          (   0,    0) (   0,    0) (   0,    0) (   0,    0) (   0,    0) (   0,    0) (   0,    0) (   0,    0) (   0,    0) (   0,    0)
         
node   9 sent_total    109  recv_total    109

node  10  (   0,    0) (   0,    0) (   0,    0) (   0,    0) (   0,    0) (   0,    0) (   0,    0) (   0,    0) (   0,    0) (   0,    0)
          (   0,    0) (   0,    0) (   0,    0) (   0,    0) (   0,    0) (   0,    0) (   0,    0) (   0,    0) (   0,    0) (   0,    0)
          (   0,    0) (   0,    0) (   0,    0) (   0,    0) (   0,    0) (   0,    0) (   0,    0) (   0,    0) (   0,    0) (   0,    0)
          (   0,    0) (   0,    0) (   0,    0) (   0,    0) (   0,    0) (   0,    0) (   0,    0) (   0,    0) (   0,    0) (   0,    0)
          (   0,    0) (   0,    0) (   0,    0) (   0,    0) (   0,    0) (   0,    0) (   0,    0) (   0,    0) (   0,    0) (   0,    0)
          (   0,    0) (   0,    0) (   0,    0) (   0,    0) (   0,    0) (   0,    0) (   0,    0) (   0,    0) (   0,    0) (   0,    0)
          (   0,    0) (   0,    0) (   0,    0) (   0,    0) (   0,    0) (   0,    0) (   0,    0) (   0,    0) (   0,    0) (   0,    0)
          (   0,    0) (   0,    0) (   0,    0) (   0,    0) (   0,    0) (   0,    0) (   0,    0) (   0,    0) (   0,    0) (   0,    0)
          (   0,    0) (   0,    0) (   0,    0) (   0,    0) (   0,    0) (   0,    0) (   0,    0) (   0,    0) (   0,    0) (   0,    0)
          (   0,    0) (   0,    0) (   0,    0) (   0,    0) (   0,    0) (   0,    0) (   0,    0) (   0,    0) (   0,    0) (   0,    0)
          (  21,    0) (  33,   33) (   0,   21) (   0,    0) (   0,    0) (   0,    0) (   0,    0) (   0,    0) (   0,    0) (   0,    0)
          (   0,    0) (   0,    0) (   0,    0) (   0,    0) (   0,    0) (   0,    0) (   0,    0) (   0,    0) (   0,    0) (   0,    0)
          (   0,    0) (   0,    0) (   0,    0) (   0,    0) (   0,    0) (   0,    0) (   0,    0) (   0,    0) (   0,    0) (   0,    0)
          (   0,    0) (   0,    0) (   0,    0) (   0,    0) (   0,    0) (   0,    0) (   0,    0) (   0,    0) (   0,    0) (   0,    0)
          (   0,    0) (   0,    0) (   0,    0) (   0,    0) (   0,    0) (   0,    0) (   0,    0) (   0,    0) (   0,    0) (   0,    0)
          (  12,    0) (  14,   14) (   0,   12) (   0,    0) (   0,    0) (   0,    0) (   0,    0) (   0,    0) (   0,    0) (   0,    0)
          (   0,    0) (   0,    0) (   0,    0) (   0,    0) (   0,    0) (   0,    0) (   0,    0) (   0,    0) (   0,    0) (   0,    0)
          (   0,    0) (   0,    0) (   0,    0) (   0,    0) (   0,    0) (   0,    0) (   0,    0) (   0,    0) (   0,    0) (   0,    0)
          (   0,    0) (   0,    0) (   0,    0) (   0,    0) (   0,    0) (   0,    0) (   0,    0) (   0,    0) (   0,    0) (   0,    0)
          (   0,    0) (   0,    0) (   0,    0) (   0,    0) (   0,    0) (   0,    0) (   0,    0) (   0,    0) (   0,    0) (   0,    0)
          (   0,    0) (   0,    0) (   0,    0) (   0,    0) (   0,    0) (   0,    0) (   0,    0) (   0,    0) (   0,    0) (   0,    0)
          (   0,    0) (   0,    0) (   0,    0) (   0,    0) (   0,    0) (   0,    0) (   0,    0) (   0,    0) (   0,    0) (   0,    0)
          (   0,    0) (   0,    0) (   0,    0) (   0,    0) (   0,    0) (   0,    0) (   0,    0) (   0,    0) (   0,    0) (   0,    0)
          (   0,    0) (   0,    0) (   0,    0) (   0,    0) (   0,    0) (   0,    0) (   0,    0) (   0,    0) (   0,    0) (   0,    0)
          (   0,    0) (   0,    0) (   0,    0) (   0,    0) (   0,    0) (   0,    0) (   0,    0) (   0,    0) (   0,    0) (   0,    0)
          (   0,    0) (   0,    0) (   0,    0) (   0,    0) (   0,    0) (   0,    0) (   0,    0) (   0,    0) (   0,    0) (   0,    0)
          (   0,    0) (   0,    0) (   0,    0) (   0,    0) (   0,    0) (   0,    0) (   0,    0) (   0,    0) (   0,    0) (   0,    0)
          (   0,    0) (   0,    0) (   0,    0) (   0,    0) (   0,    0) (   0,    0) (   0,    0) (   0,    0) (   0,    0) (   0,    0)
          (   0,    0) (   0,    0) (   0,    0) (   0,    0) (   0,    0) (   0,    0) (   0,    0) (   0,    0) (   0,    0) (   0,    0)
          (   0,    0) (   0,    0) (   0,    0) (   0,    0) (   0,    0) (   0,    0) (   0,    0) (   0,    0) (   0,    0) (   0,    0)
          (   0,    0) (   0,    0) (   0,    0) (   0,    0) (   0,    0) (   0,    0) (   0,    0) (   0,    0) (   0,    0) (   0,    0)
          (   0,    0) (   0,    0) (   0,    0) (   0,    0) (   0,    0) (   0,    0) (   0,    0) (   0,    0) (   0,    0) (   0,    0)
          (   0,    0) (   0,    0) (   0,    0) (   0,    0) (   0,    0) (   0,    0) (   0,    0) (   0,    0) (   0,    0) (   0,    0)
          (   0,    0) (   0,    0) (   0,    0) (   0,    0) (   0,    0) (   0,    0) (   0,    0) (   0,    0) (   0,    0) (   0,    0)
          (   0,    0) (   0,    0) (   0,    0) (   0,    0) (   0,    0) (   0,    0) (   0,    0) (   0,    0) (   0,    0) (   0,    0)
          (   0,    0) (   0,    0) (   0,    0) (   0,    0) (   0,    0) (   0,    0) (   0,    0) (   0,    0) (   0,    0) (   0,    0)
          (   0,    0) (   0,    0) (   0,    0) (   0,    0) (   0,    0) (   0,    0) (   0,    0) (   0,    0) (   0,    0) (   0,    0)
          (   0,    0) (   0,    0) (   0,    0) (   0,    0) (   0,    0) (   0,    0) (   0,    0) (   0,    0) (   0,    0) (   0,    0)
          (   0,    0) (   0,    0) (   0,    0) (   0,    0) (   0,    0) (   0,    0) (   0,    0) (   0,    0) (   0,    0) (   0,    0)
          (   0,    0) (   0,    0) (   0,    0) (   0,    0) (   0,    0) (   0,    0) (   0,    0) (   0,    0) (   0,    0) (   0,    0)
          (   0,    0) (   0,    0) (   0,    0) (   0,    0) (   0,    0) (   0,    0) (   0,    0) (   0,    0) (   0,    0) (   0,    0)
          (   0,    0) (   0,    0) (   0,    0) (   0,    0) (   0,    0) (   0,    0) (   0,    0) (   0,    0) (   0,    0) (   0,    0)
          (   0,    0) (   0,    0) (   0,    0) (   0,    0) (   0,    0) (   0,    0) (   0,    0) (   0,    0) (   0,    0) (   0,    0)
          (   0,    0) (   0,    0) (   0,    0) (   0,    0) (   0,    0) (   0,    0) (   0,    0) (   0,    0) (   0,    0) (   0,    0)
          (   0,    0) (   0,    0) (   0,    0) (   0,    0) (   0,    0) (   0,    0) (   0,    0) (   0,    0) (   0,    0) (   0,    0)
          (   0,    0) (   0,    0) (   0,    0) (   0,    0) (   0,    0) (   0,    0) (   0,    0) (   0,    0) (   0,    0) (   0,    0)
          (   0,    0) (   0,    0) (   0,    0) (   0,    0) (   0,    0) (   0,    0) (   0,    0) (   0,    0) (   0,    0) (   0,    0)
          (   0,    0) (   0,    0) (   0,    0) (   0,    0) (   0,    0) (   0,    0) (   0,    0) (   0,    0) (   0,    0) (   0,    0)
          (   0,    0) (   0,    0) (   0,    0) (   0,    0) (   0,    0) (   0,    0) (   0,    0) (   0,    0) (   0,    0) (   0,    0)
          (   0,    0) (   0,    0) (   0,    0) (   0,    0) (   0,    0) (   0,    0) (   0,    0) (   0,    0) (   0,    0) (   0,    0)
          (   0,    0) (   0,    0) (   0,    0) (   0,    0) (   0,    0) (   0,    0) (   0,    0) (   0,    0) (   0,    0) (   0,    0)
          (   0,    0) (   0,    0) (   0,    0) (   0,    0) (   0,    0) (   0,    0) (   0,    0) (   0,    0) (   0,    0) (   0,    0)
          (   0,    0) (   0,    0) (   0,    0) (   0,    0) (   0,    0) (   0,    0) (   0,    0) (   0,    0) (   0,    0) (   0,    0)
          (   0,    0) (   0,    0) (   0,    0) (   0,    0) (   0,    0) (   0,    0) (   0,    0) (   0,    0) (   0,    0) (   0,    0)
          (   0,    0) (   0,    0) (   0,    0) (   0,    0) (   0,    0) (   0,    0) (   0,    0) (   0,    0) (   0,    0) (   0,    0)
          (   0,    0) (   0,    0) (   0,    0) (   0,    0) (   0,    0) (   0,    0) (   0,    0) (   0,    0) (   0,    0) (   0,    0)
          (   0,    0) (   0,    0) (   0,    0) (   0,    0) (   0,    0) (   0,    0) (   0,    0) (   0,    0) (   0,    0) (   0,    0)
          (   0,    0) (   0,    0) (   0,    0) (   0,    0) (   0,    0) (   0,    0) (   0,    0) (   0,    0) (   0,    0) (   0,    0)
          (   0,    0) (   0,    0) (   0,    0) (   0,    0) (   0,    0) (   0,    0) (   0,    0) (   0,    0) (   0,    0) (   0,    0)
          (   0,    0) (   0,    0) (   0,    0) (   0,    0) (   0,    0) (   0,    0) (   0,    0) (   0,    0) (   0,    0) (   0,    0)
          (   0,    0) (   0,    0) (   0,    0) (   0,    0) (   0,    0) (   0,    0) (   0,    0) (   0,    0) (   0,    0) (   0,    0)
          (   0,    0) (   0,    0) (   0,    0) (   0,    0) (   0,    0) (   0,    0) (   0,    0) (   0,    0) (   0,    0) (   0,    0)
          (   0,    0) (   0,    0) (   0,    0) (   0,    0) (   0,    0) (   0,    0) (   0,    0) (   0,    0) (   0,    0) (   0,    0)
          (   0,    0) (   0,    0) (   0,    0) (   0,    0) (   0,    0) (   0,    0) (   0,    0) (   0,    0) (   0,    0) (   0,    0)
          (   0,    0) (   0,    0) (   0,    0) (   0,    0) (   0,    0) (   0,    0) (   0,    0) (   0,    0) (   0,    0) (   0,    0)
          (   0,    0) (   0,    0) (   0,    0) (   0,    0) (   0,    0) (   0,    0) (   0,    0) (   0,    0) (   0,    0) (   0,    0)
          (   0,    0) (   0,    0) (   0,    0) (   0,    0) (   0,    0) (   0,    0) (   0,    0) (   0,    0) (   0,    0) (   0,    0)
          (   0,    0) (   0,    0) (   0,    0) (   0,    0) (   0,    0) (   0,    0) (   0,    0) (   0,    0) (   0,    0) (   0,    0)
          (   0,    0) (   0,    0) (   0,    0) (   0,    0) (   0,    0) (   0,    0) (   0,    0) (   0,    0) (   0,    0) (   0,    0)
          (   0,    0) (   0,    0) (   0,    0) (   0,    0) (   0,    0) (   0,    0) (   0,    0) (   0,    0) (   0,    0) (   0,    0)
         
node  10 sent_total     80  recv_total     80

